Log file open, 02/04/19 09:43:31
LogWindows: Failed to load 'aqProf.dll' (GetLastError=126)
LogWindows: File 'aqProf.dll' does not exist
LogWindows: Failed to load 'VtuneApi.dll' (GetLastError=126)
LogWindows: File 'VtuneApi.dll' does not exist
LogWindows: Failed to load 'VtuneApi32e.dll' (GetLastError=126)
LogWindows: File 'VtuneApi32e.dll' does not exist
LogConsoleResponse: Display: Failed to find resolution value strings in scalability ini. Falling back to default.
LogInit: Display: Running engine for game: AMAZING
LogPakFile: Registered encryption key '00000000000000000000000000000000': 0 pak files mounted, 0 remain pending
LogPlatformFile: Not using cached read wrapper
LogTaskGraph: Started task graph with 5 named threads and 11 total threads with 3 sets of task threads.
LogStats: Stats thread started at 0.172823
LogD3D11RHI: Loaded GFSDK_Aftermath_Lib.x64.dll
LogICUInternationalization: ICU TimeZone Detection - Raw Offset: +1:00, Platform Override: ''
LogPluginManager: Mounting plugin Paper2D
LogPluginManager: Mounting plugin AISupport
LogPluginManager: Mounting plugin LightPropagationVolume
LogPluginManager: Mounting plugin ActorLayerUtilities
LogPluginManager: Mounting plugin CLionSourceCodeAccess
LogPluginManager: Mounting plugin CodeLiteSourceCodeAccess
LogPluginManager: Mounting plugin GitSourceControl
LogPluginManager: Mounting plugin KDevelopSourceCodeAccess
LogPluginManager: Mounting plugin NullSourceCodeAccess
LogPluginManager: Mounting plugin PerforceSourceControl
LogPluginManager: Mounting plugin SubversionSourceControl
LogPluginManager: Mounting plugin UObjectPlugin
LogPluginManager: Mounting plugin VisualStudioCodeSourceCodeAccess
LogPluginManager: Mounting plugin VisualStudioSourceCodeAccess
LogPluginManager: Mounting plugin XCodeSourceCodeAccess
LogPluginManager: Mounting plugin AssetManagerEditor
LogPluginManager: Mounting plugin CryptoKeys
LogPluginManager: Mounting plugin DataValidation
LogPluginManager: Mounting plugin FacialAnimation
LogPluginManager: Mounting plugin GameplayTagsEditor
LogPluginManager: Mounting plugin MacGraphicsSwitching
LogPluginManager: Mounting plugin MeshEditor
LogPluginManager: Mounting plugin MobileLauncherProfileWizard
LogPluginManager: Mounting plugin PluginBrowser
LogPluginManager: Mounting plugin SpeedTreeImporter
LogPluginManager: Mounting plugin DatasmithContent
LogPluginManager: Mounting plugin VariantManagerContent
LogPluginManager: Mounting plugin AlembicImporter
LogPluginManager: Mounting plugin AppleImageUtils
LogPluginManager: Mounting plugin AppleVision
LogPluginManager: Mounting plugin BackChannel
LogPluginManager: Mounting plugin CharacterAI
LogPluginManager: Mounting plugin GeometryCache
LogPluginManager: Mounting plugin HTML5Networking
LogPluginManager: Mounting plugin ProxyLODPlugin
LogPluginManager: Mounting plugin MagicLeap
LogPluginManager: Mounting plugin MagicLeapMedia
LogPluginManager: Mounting plugin AndroidMedia
LogPluginManager: Mounting plugin AvfMedia
LogPluginManager: Mounting plugin ImgMedia
LogPluginManager: Mounting plugin LinearTimecode
LogPluginManager: Mounting plugin MediaCompositing
LogPluginManager: Mounting plugin MediaPlayerEditor
LogPluginManager: Mounting plugin WebMMedia
LogPluginManager: Mounting plugin WmfMedia
LogPluginManager: Mounting plugin TcpMessaging
LogPluginManager: Mounting plugin UdpMessaging
LogPluginManager: Mounting plugin ActorSequence
LogPluginManager: Mounting plugin LevelSequenceEditor
LogPluginManager: Mounting plugin MatineeToLevelSequence
LogPluginManager: Mounting plugin NetcodeUnitTest
LogPluginManager: Mounting plugin NUTUnrealEngine4
LogPluginManager: Mounting plugin OnlineSubsystemGooglePlay
LogPluginManager: Mounting plugin OnlineSubsystemIOS
LogPluginManager: Mounting plugin OnlineSubsystem
LogPluginManager: Mounting plugin OnlineSubsystemNull
LogPluginManager: Mounting plugin OnlineSubsystemUtils
LogPluginManager: Mounting plugin LauncherChunkInstaller
LogPluginManager: Mounting plugin AndroidDeviceProfileSelector
LogPluginManager: Mounting plugin AndroidMoviePlayer
LogPluginManager: Mounting plugin AndroidPermission
LogPluginManager: Mounting plugin AppleMoviePlayer
LogPluginManager: Mounting plugin ArchVisCharacter
LogPluginManager: Mounting plugin AudioCapture
LogPluginManager: Mounting plugin CableComponent
LogPluginManager: Mounting plugin CustomMeshComponent
LogPluginManager: Mounting plugin EditableMesh
LogPluginManager: Mounting plugin ExampleDeviceProfileSelector
LogPluginManager: Mounting plugin Firebase
LogPluginManager: Mounting plugin GoogleCloudMessaging
LogPluginManager: Mounting plugin IOSDeviceProfileSelector
LogPluginManager: Mounting plugin LinuxDeviceProfileSelector
LogPluginManager: Mounting plugin LocationServicesBPLibrary
LogPluginManager: Mounting plugin MobilePatchingUtils
LogPluginManager: Mounting plugin OculusVR
LogPluginManager: Mounting plugin PhysXVehicles
LogPluginManager: Mounting plugin ProceduralMeshComponent
LogPluginManager: Mounting plugin RuntimePhysXCooking
LogPluginManager: Mounting plugin SteamVR
LogPluginManager: Mounting plugin WebMMoviePlayer
LogPluginManager: Mounting plugin WindowsMoviePlayer
LogStreaming: Display: Took  0.098s to configure plugins.
LogInit: Using libcurl 7.55.1-DEV
LogInit:  - built for x86_64-pc-win32
LogInit:  - supports SSL with OpenSSL/1.0.2h
LogInit:  - supports HTTP deflate (compression) using libz 1.2.8
LogInit:  - other features:
LogInit:      CURL_VERSION_SSL
LogInit:      CURL_VERSION_LIBZ
LogInit:      CURL_VERSION_IPV6
LogInit:      CURL_VERSION_ASYNCHDNS
LogInit:      CURL_VERSION_LARGEFILE
LogInit:      CURL_VERSION_IDN
LogInit:  CurlRequestOptions (configurable via config and command line):
LogInit:  - bVerifyPeer = true  - Libcurl will verify peer certificate
LogInit:  - bUseHttpProxy = false  - Libcurl will NOT use HTTP proxy
LogInit:  - bDontReuseConnections = false  - Libcurl will reuse connections
LogInit:  - MaxHostConnections = 16  - Libcurl will limit the number of connections to a host
LogInit:  - LocalHostAddr = Default
LogInit:  - BufferSize = 65536
LogInit: WinSock: version 1.1 (2.2), MaxSocks=32767, MaxUdp=65467
LogInit: Build: ++UE4+Release-4.21-CL-4613538
LogInit: Engine Version: 4.21.1-4613538+++UE4+Release-4.21
LogInit: Compatible Engine Version: 4.21.0-4541578+++UE4+Release-4.21
LogInit: Net CL: 4541578
LogInit: OS: Windows 10 (), CPU: Intel(R) Core(TM) i5-7200U CPU @ 2.50GHz, GPU: Intel(R) HD Graphics 620
LogInit: Compiled (64-bit): Nov 30 2018 04:13:25
LogInit: Compiled with Visual C++: 19.13.26129.00
LogInit: Build Configuration: Development
LogInit: Branch Name: ++UE4+Release-4.21
LogInit: Command Line: 
LogInit: Base Directory: C:/Program Files/Epic Games/UE_4.21/Engine/Binaries/Win64/
LogInit: Installed Engine Build: 1
LogDevObjectVersion: Number of dev versions registered: 22
LogDevObjectVersion:   Dev-Blueprints (B0D832E4-1F89-4F0D-ACCF-7EB736FD4AA2): 10
LogDevObjectVersion:   Dev-Build (E1C64328-A22C-4D53-A36C-8E866417BD8C): 0
LogDevObjectVersion:   Dev-Core (375EC13C-06E4-48FB-B500-84F0262A717E): 2
LogDevObjectVersion:   Dev-Editor (E4B068ED-F494-42E9-A231-DA0B2E46BB41): 26
LogDevObjectVersion:   Dev-Framework (CFFC743F-43B0-4480-9391-14DF171D2073): 34
LogDevObjectVersion:   Dev-Mobile (B02B49B5-BB20-44E9-A304-32B752E40360): 2
LogDevObjectVersion:   Dev-Networking (A4E4105C-59A1-49B5-A7C5-40C4547EDFEE): 0
LogDevObjectVersion:   Dev-Online (39C831C9-5AE6-47DC-9A44-9C173E1C8E7C): 0
LogDevObjectVersion:   Dev-Physics (78F01B33-EBEA-4F98-B9B4-84EACCB95AA2): 0
LogDevObjectVersion:   Dev-Platform (6631380F-2D4D-43E0-8009-CF276956A95A): 0
LogDevObjectVersion:   Dev-Rendering (12F88B9F-8875-4AFC-A67C-D90C383ABD29): 27
LogDevObjectVersion:   Dev-Sequencer (7B5AE74C-D270-4C10-A958-57980B212A5A): 9
LogDevObjectVersion:   Dev-VR (D7296918-1DD6-4BDD-9DE2-64A83CC13884): 2
LogDevObjectVersion:   Dev-LoadTimes (C2A15278-BFE7-4AFE-6C17-90FF531DF755): 1
LogDevObjectVersion:   Private-Geometry (6EACA3D4-40EC-4CC1-B786-8BED09428FC5): 3
LogDevObjectVersion:   Dev-AnimPhys (29E575DD-E0A3-4627-9D10-D276232CDCEA): 17
LogDevObjectVersion:   Dev-Anim (AF43A65D-7FD3-4947-9873-3E8ED9C1BB05): 2
LogDevObjectVersion:   Dev-ReflectionCapture (6B266CEC-1EC7-4B8F-A30B-E4D90942FC07): 1
LogDevObjectVersion:   Dev-Automation (0DF73D61-A23F-47EA-B727-89E90C41499A): 1
LogDevObjectVersion:   FortniteMain (601D1886-AC64-4F84-AA16-D3DE0DEAC7D6): 17
LogDevObjectVersion:   Dev-Enterprise (9DFFBCD6-494F-0158-E221-12823C92A888): 4
LogDevObjectVersion:   Dev-Niagara (F2AED0AC-9AFE-416F-8664-AA7FFA26D6FC): 1
LogStreaming: Display: Took  0.004s to delete old logs.
LogInit: Presizing for max 8388607 objects, including 0 objects not considered by GC, pre-allocating 0 bytes for permanent pool.
LogInit: Object subsystem initialized
LogConfig: Setting CVar [[con.DebugEarlyDefault:1]]
LogConfig: Setting CVar [[r.setres:1280x720]]
[2019.02.04-08.43.31:624][  0]LogConfig: Setting CVar [[r.VSync:0]]
[2019.02.04-08.43.31:624][  0]LogConfig: Setting CVar [[r.RHICmdBypass:0]]
[2019.02.04-08.43.31:624][  0]LogConfig: Applying CVar settings from Section [/Script/Engine.RendererSettings] File [C:/Users/Netsphere/Documents/GitHub/UNREAL/AMAZING/Saved/Config/Windows/Engine.ini]
[2019.02.04-08.43.31:624][  0]LogConfig: Setting CVar [[r.GPUCrashDebugging:0]]
[2019.02.04-08.43.31:624][  0]LogConfig: Applying CVar settings from Section [/Script/Engine.RendererOverrideSettings] File [C:/Users/Netsphere/Documents/GitHub/UNREAL/AMAZING/Saved/Config/Windows/Engine.ini]
[2019.02.04-08.43.31:624][  0]LogConfig: Applying CVar settings from Section [/Script/Engine.StreamingSettings] File [C:/Users/Netsphere/Documents/GitHub/UNREAL/AMAZING/Saved/Config/Windows/Engine.ini]
[2019.02.04-08.43.31:624][  0]LogConfig: Setting CVar [[s.MinBulkDataSizeForAsyncLoading:131072]]
[2019.02.04-08.43.31:624][  0]LogConfig: Setting CVar [[s.AsyncLoadingThreadEnabled:0]]
[2019.02.04-08.43.31:624][  0]LogConfig: Setting CVar [[s.EventDrivenLoaderEnabled:1]]
[2019.02.04-08.43.31:624][  0]LogConfig: Setting CVar [[s.WarnIfTimeLimitExceeded:0]]
[2019.02.04-08.43.31:624][  0]LogConfig: Setting CVar [[s.TimeLimitExceededMultiplier:1.5]]
[2019.02.04-08.43.31:624][  0]LogConfig: Setting CVar [[s.TimeLimitExceededMinTime:0.005]]
[2019.02.04-08.43.31:624][  0]LogConfig: Setting CVar [[s.UseBackgroundLevelStreaming:1]]
[2019.02.04-08.43.31:624][  0]LogConfig: Setting CVar [[s.PriorityAsyncLoadingExtraTime:15.0]]
[2019.02.04-08.43.31:624][  0]LogConfig: Setting CVar [[s.LevelStreamingActorsUpdateTimeLimit:5.0]]
[2019.02.04-08.43.31:624][  0]LogConfig: Setting CVar [[s.PriorityLevelStreamingActorsUpdateExtraTime:5.0]]
[2019.02.04-08.43.31:624][  0]LogConfig: Setting CVar [[s.LevelStreamingComponentsRegistrationGranularity:10]]
[2019.02.04-08.43.31:625][  0]LogConfig: Setting CVar [[s.UnregisterComponentsTimeLimit:1.0]]
[2019.02.04-08.43.31:625][  0]LogConfig: Setting CVar [[s.LevelStreamingComponentsUnregistrationGranularity:5]]
[2019.02.04-08.43.31:625][  0]LogConfig: Applying CVar settings from Section [/Script/Engine.GarbageCollectionSettings] File [C:/Users/Netsphere/Documents/GitHub/UNREAL/AMAZING/Saved/Config/Windows/Engine.ini]
[2019.02.04-08.43.31:625][  0]LogConfig: Setting CVar [[gc.MaxObjectsNotConsideredByGC:1]]
[2019.02.04-08.43.31:625][  0]LogConfig: Setting CVar [[gc.SizeOfPermanentObjectPool:0]]
[2019.02.04-08.43.31:625][  0]LogConfig: Setting CVar [[gc.FlushStreamingOnGC:0]]
[2019.02.04-08.43.31:625][  0]LogConfig: Setting CVar [[gc.NumRetriesBeforeForcingGC:10]]
[2019.02.04-08.43.31:625][  0]LogConfig: Setting CVar [[gc.AllowParallelGC:1]]
[2019.02.04-08.43.31:625][  0]LogConfig: Setting CVar [[gc.TimeBetweenPurgingPendingKillObjects:61.1]]
[2019.02.04-08.43.31:625][  0]LogConfig: Setting CVar [[gc.MaxObjectsInEditor:8388607]]
[2019.02.04-08.43.31:625][  0]LogConfig: Setting CVar [[gc.IncrementalBeginDestroyEnabled:1]]
[2019.02.04-08.43.31:625][  0]LogConfig: Setting CVar [[gc.CreateGCClusters:1]]
[2019.02.04-08.43.31:625][  0]LogConfig: Setting CVar [[gc.MergeGCClusters:0]]
[2019.02.04-08.43.31:625][  0]LogConfig: Setting CVar [[gc.MinGCClusterSize:5]]
[2019.02.04-08.43.31:625][  0]LogConfig: Setting CVar [[gc.ActorClusteringEnabled:0]]
[2019.02.04-08.43.31:625][  0]LogConfig: Setting CVar [[gc.BlueprintClusteringEnabled:0]]
[2019.02.04-08.43.31:625][  0]LogConfig: Setting CVar [[gc.UseDisregardForGCOnDedicatedServers:0]]
[2019.02.04-08.43.31:625][  0]LogConfig: Applying CVar settings from Section [/Script/Engine.NetworkSettings] File [C:/Users/Netsphere/Documents/GitHub/UNREAL/AMAZING/Saved/Config/Windows/Engine.ini]
[2019.02.04-08.43.31:625][  0]LogConfig: Applying CVar settings from Section [/Script/UnrealEd.CookerSettings] File [C:/Users/Netsphere/Documents/GitHub/UNREAL/AMAZING/Saved/Config/Windows/Engine.ini]
[2019.02.04-08.43.31:629][  0]LogConfig: Applying CVar settings from Section [ViewDistanceQuality@3] File [C:/Users/Netsphere/Documents/GitHub/UNREAL/AMAZING/Saved/Config/Windows/Scalability.ini]
[2019.02.04-08.43.31:629][  0]LogConfig: Setting CVar [[r.SkeletalMeshLODBias:0]]
[2019.02.04-08.43.31:629][  0]LogConfig: Setting CVar [[r.ViewDistanceScale:1.0]]
[2019.02.04-08.43.31:629][  0]LogConfig: Applying CVar settings from Section [AntiAliasingQuality@3] File [C:/Users/Netsphere/Documents/GitHub/UNREAL/AMAZING/Saved/Config/Windows/Scalability.ini]
[2019.02.04-08.43.31:629][  0]LogConfig: Setting CVar [[r.PostProcessAAQuality:4]]
[2019.02.04-08.43.31:629][  0]LogConfig: Applying CVar settings from Section [ShadowQuality@3] File [C:/Users/Netsphere/Documents/GitHub/UNREAL/AMAZING/Saved/Config/Windows/Scalability.ini]
[2019.02.04-08.43.31:629][  0]LogConfig: Setting CVar [[r.LightFunctionQuality:1]]
[2019.02.04-08.43.31:629][  0]LogConfig: Setting CVar [[r.ShadowQuality:5]]
[2019.02.04-08.43.31:629][  0]LogConfig: Setting CVar [[r.Shadow.CSM.MaxCascades:10]]
[2019.02.04-08.43.31:629][  0]LogConfig: Setting CVar [[r.Shadow.MaxResolution:2048]]
[2019.02.04-08.43.31:629][  0]LogConfig: Setting CVar [[r.Shadow.MaxCSMResolution:2048]]
[2019.02.04-08.43.31:629][  0]LogConfig: Setting CVar [[r.Shadow.RadiusThreshold:0.01]]
[2019.02.04-08.43.31:629][  0]LogConfig: Setting CVar [[r.Shadow.DistanceScale:1.0]]
[2019.02.04-08.43.31:629][  0]LogConfig: Setting CVar [[r.Shadow.CSM.TransitionScale:1.0]]
[2019.02.04-08.43.31:629][  0]LogConfig: Setting CVar [[r.Shadow.PreShadowResolutionFactor:1.0]]
[2019.02.04-08.43.31:629][  0]LogConfig: Setting CVar [[r.DistanceFieldShadowing:1]]
[2019.02.04-08.43.31:629][  0]LogConfig: Setting CVar [[r.DistanceFieldAO:1]]
[2019.02.04-08.43.31:629][  0]LogConfig: Setting CVar [[r.AOQuality:2]]
[2019.02.04-08.43.31:629][  0]LogConfig: Setting CVar [[r.VolumetricFog:1]]
[2019.02.04-08.43.31:629][  0]LogConfig: Setting CVar [[r.VolumetricFog.GridPixelSize:8]]
[2019.02.04-08.43.31:629][  0]LogConfig: Setting CVar [[r.VolumetricFog.GridSizeZ:128]]
[2019.02.04-08.43.31:629][  0]LogConfig: Setting CVar [[r.VolumetricFog.HistoryMissSupersampleCount:4]]
[2019.02.04-08.43.31:629][  0]LogConfig: Setting CVar [[r.LightMaxDrawDistanceScale:1]]
[2019.02.04-08.43.31:629][  0]LogConfig: Setting CVar [[r.CapsuleShadows:1]]
[2019.02.04-08.43.31:629][  0]LogConfig: Applying CVar settings from Section [PostProcessQuality@3] File [C:/Users/Netsphere/Documents/GitHub/UNREAL/AMAZING/Saved/Config/Windows/Scalability.ini]
[2019.02.04-08.43.31:629][  0]LogConfig: Setting CVar [[r.MotionBlurQuality:4]]
[2019.02.04-08.43.31:629][  0]LogConfig: Setting CVar [[r.AmbientOcclusionMipLevelFactor:0.4]]
[2019.02.04-08.43.31:629][  0]LogConfig: Setting CVar [[r.AmbientOcclusionMaxQuality:100]]
[2019.02.04-08.43.31:629][  0]LogConfig: Setting CVar [[r.AmbientOcclusionLevels:-1]]
[2019.02.04-08.43.31:629][  0]LogConfig: Setting CVar [[r.AmbientOcclusionRadiusScale:1.0]]
[2019.02.04-08.43.31:629][  0]LogConfig: Setting CVar [[r.DepthOfFieldQuality:2]]
[2019.02.04-08.43.31:630][  0]LogConfig: Setting CVar [[r.RenderTargetPoolMin:400]]
[2019.02.04-08.43.31:630][  0]LogConfig: Setting CVar [[r.LensFlareQuality:2]]
[2019.02.04-08.43.31:630][  0]LogConfig: Setting CVar [[r.SceneColorFringeQuality:1]]
[2019.02.04-08.43.31:630][  0]LogConfig: Setting CVar [[r.EyeAdaptationQuality:2]]
[2019.02.04-08.43.31:630][  0]LogConfig: Setting CVar [[r.BloomQuality:5]]
[2019.02.04-08.43.31:630][  0]LogConfig: Setting CVar [[r.FastBlurThreshold:100]]
[2019.02.04-08.43.31:630][  0]LogConfig: Setting CVar [[r.Upscale.Quality:3]]
[2019.02.04-08.43.31:630][  0]LogConfig: Setting CVar [[r.Tonemapper.GrainQuantization:1]]
[2019.02.04-08.43.31:630][  0]LogConfig: Setting CVar [[r.LightShaftQuality:1]]
[2019.02.04-08.43.31:630][  0]LogConfig: Setting CVar [[r.Filter.SizeScale:1]]
[2019.02.04-08.43.31:630][  0]LogConfig: Setting CVar [[r.Tonemapper.Quality:5]]
[2019.02.04-08.43.31:630][  0]LogConfig: Setting CVar [[r.DOF.Gather.AccumulatorQuality:1        ; higher gathering accumulator quality]]
[2019.02.04-08.43.31:630][  0]LogConfig: Setting CVar [[r.DOF.Gather.PostfilterMethod:1          ; Median3x3 postfilering method]]
[2019.02.04-08.43.31:630][  0]LogConfig: Setting CVar [[r.DOF.Gather.EnableBokehSettings:0       ; no bokeh simulation when gathering]]
[2019.02.04-08.43.31:630][  0]LogConfig: Setting CVar [[r.DOF.Gather.RingCount:4                 ; medium number of samples when gathering]]
[2019.02.04-08.43.31:630][  0]LogConfig: Setting CVar [[r.DOF.Scatter.ForegroundCompositing:1    ; additive foreground scattering]]
[2019.02.04-08.43.31:630][  0]LogConfig: Setting CVar [[r.DOF.Scatter.BackgroundCompositing:2    ; additive background scattering]]
[2019.02.04-08.43.31:630][  0]LogConfig: Setting CVar [[r.DOF.Scatter.EnableBokehSettings:1      ; bokeh simulation when scattering]]
[2019.02.04-08.43.31:630][  0]LogConfig: Setting CVar [[r.DOF.Scatter.MaxSpriteRatio:0.1         ; only a maximum of 10% of scattered bokeh]]
[2019.02.04-08.43.31:630][  0]LogConfig: Setting CVar [[r.DOF.Recombine.Quality:1                ; cheap slight out of focus]]
[2019.02.04-08.43.31:630][  0]LogConfig: Setting CVar [[r.DOF.Recombine.EnableBokehSettings:0    ; no bokeh simulation on slight out of focus]]
[2019.02.04-08.43.31:630][  0]LogConfig: Setting CVar [[r.DOF.TemporalAAQuality:1                ; more stable temporal accumulation]]
[2019.02.04-08.43.31:630][  0]LogConfig: Setting CVar [[r.DOF.Kernel.MaxForegroundRadius:0.025]]
[2019.02.04-08.43.31:630][  0]LogConfig: Setting CVar [[r.DOF.Kernel.MaxBackgroundRadius:0.025]]
[2019.02.04-08.43.31:630][  0]LogConfig: Applying CVar settings from Section [TextureQuality@3] File [C:/Users/Netsphere/Documents/GitHub/UNREAL/AMAZING/Saved/Config/Windows/Scalability.ini]
[2019.02.04-08.43.31:630][  0]LogConfig: Setting CVar [[r.Streaming.MipBias:0]]
[2019.02.04-08.43.31:630][  0]LogConfig: Setting CVar [[r.Streaming.AmortizeCPUToGPUCopy:0]]
[2019.02.04-08.43.31:630][  0]LogConfig: Setting CVar [[r.Streaming.MaxNumTexturesToStreamPerFrame:0]]
[2019.02.04-08.43.31:630][  0]LogConfig: Setting CVar [[r.Streaming.Boost:1]]
[2019.02.04-08.43.31:630][  0]LogConfig: Setting CVar [[r.MaxAnisotropy:8]]
[2019.02.04-08.43.31:630][  0]LogConfig: Setting CVar [[r.Streaming.LimitPoolSizeToVRAM:0]]
[2019.02.04-08.43.31:630][  0]LogConfig: Setting CVar [[r.Streaming.PoolSize:1000]]
[2019.02.04-08.43.31:630][  0]LogConfig: Setting CVar [[r.Streaming.MaxEffectiveScreenSize:0]]
[2019.02.04-08.43.31:630][  0]LogConfig: Applying CVar settings from Section [EffectsQuality@3] File [C:/Users/Netsphere/Documents/GitHub/UNREAL/AMAZING/Saved/Config/Windows/Scalability.ini]
[2019.02.04-08.43.31:630][  0]LogConfig: Setting CVar [[r.TranslucencyLightingVolumeDim:64]]
[2019.02.04-08.43.31:630][  0]LogConfig: Setting CVar [[r.RefractionQuality:2]]
[2019.02.04-08.43.31:630][  0]LogConfig: Setting CVar [[r.SSR.Quality:3]]
[2019.02.04-08.43.31:630][  0]LogConfig: Setting CVar [[r.SceneColorFormat:4]]
[2019.02.04-08.43.31:630][  0]LogConfig: Setting CVar [[r.DetailMode:2]]
[2019.02.04-08.43.31:630][  0]LogConfig: Setting CVar [[r.TranslucencyVolumeBlur:1]]
[2019.02.04-08.43.31:630][  0]LogConfig: Setting CVar [[r.MaterialQualityLevel:1 ; High quality]]
[2019.02.04-08.43.31:630][  0]LogConfig: Setting CVar [[r.SSS.Scale:1]]
[2019.02.04-08.43.31:630][  0]LogConfig: Setting CVar [[r.SSS.SampleSet:2]]
[2019.02.04-08.43.31:630][  0]LogConfig: Setting CVar [[r.SSS.Quality:1]]
[2019.02.04-08.43.31:630][  0]LogConfig: Setting CVar [[r.SSS.HalfRes:1]]
[2019.02.04-08.43.31:630][  0]LogConfig: Setting CVar [[r.EmitterSpawnRateScale:1.0]]
[2019.02.04-08.43.31:630][  0]LogConfig: Setting CVar [[r.ParticleLightQuality:2]]
[2019.02.04-08.43.31:630][  0]LogConfig: Applying CVar settings from Section [FoliageQuality@3] File [C:/Users/Netsphere/Documents/GitHub/UNREAL/AMAZING/Saved/Config/Windows/Scalability.ini]
[2019.02.04-08.43.31:630][  0]LogConfig: Setting CVar [[foliage.DensityScale:1.0]]
[2019.02.04-08.43.31:630][  0]LogConfig: Setting CVar [[grass.DensityScale:1.0]]
[2019.02.04-08.43.31:630][  0]LogInit: Selected Device Profile: [Windows]
[2019.02.04-08.43.31:630][  0]LogInit: Applying CVar settings loaded from the selected device profile: [Windows]
[2019.02.04-08.43.31:645][  0]LogHAL: Display: Platform has ~ 8 GB [8501764096 / 8589934592 / 8], which maps to Default [LargestMinGB=32, LargerMinGB=12, DefaultMinGB=8, SmallerMinGB=6, SmallestMinGB=0)
[2019.02.04-08.43.31:646][  0]LogConfig: Setting CVar [[r.Vulkan.UseRealUBs:1]]
[2019.02.04-08.43.31:646][  0]LogInit: Going up to parent DeviceProfile []
[2019.02.04-08.43.31:646][  0]LogConfig: Applying CVar settings from Section [ViewDistanceQuality@3] File [C:/Users/Netsphere/Documents/GitHub/UNREAL/AMAZING/Saved/Config/Windows/Scalability.ini]
[2019.02.04-08.43.31:646][  0]LogConfig: Setting CVar [[r.SkeletalMeshLODBias:0]]
[2019.02.04-08.43.31:646][  0]LogConfig: Setting CVar [[r.ViewDistanceScale:1.0]]
[2019.02.04-08.43.31:646][  0]LogConfig: Applying CVar settings from Section [AntiAliasingQuality@3] File [C:/Users/Netsphere/Documents/GitHub/UNREAL/AMAZING/Saved/Config/Windows/Scalability.ini]
[2019.02.04-08.43.31:646][  0]LogConfig: Setting CVar [[r.PostProcessAAQuality:4]]
[2019.02.04-08.43.31:646][  0]LogConfig: Applying CVar settings from Section [ShadowQuality@3] File [C:/Users/Netsphere/Documents/GitHub/UNREAL/AMAZING/Saved/Config/Windows/Scalability.ini]
[2019.02.04-08.43.31:646][  0]LogConfig: Setting CVar [[r.LightFunctionQuality:1]]
[2019.02.04-08.43.31:646][  0]LogConfig: Setting CVar [[r.ShadowQuality:5]]
[2019.02.04-08.43.31:646][  0]LogConfig: Setting CVar [[r.Shadow.CSM.MaxCascades:10]]
[2019.02.04-08.43.31:646][  0]LogConfig: Setting CVar [[r.Shadow.MaxResolution:2048]]
[2019.02.04-08.43.31:646][  0]LogConfig: Setting CVar [[r.Shadow.MaxCSMResolution:2048]]
[2019.02.04-08.43.31:646][  0]LogConfig: Setting CVar [[r.Shadow.RadiusThreshold:0.01]]
[2019.02.04-08.43.31:646][  0]LogConfig: Setting CVar [[r.Shadow.DistanceScale:1.0]]
[2019.02.04-08.43.31:646][  0]LogConfig: Setting CVar [[r.Shadow.CSM.TransitionScale:1.0]]
[2019.02.04-08.43.31:646][  0]LogConfig: Setting CVar [[r.Shadow.PreShadowResolutionFactor:1.0]]
[2019.02.04-08.43.31:646][  0]LogConfig: Setting CVar [[r.DistanceFieldShadowing:1]]
[2019.02.04-08.43.31:646][  0]LogConfig: Setting CVar [[r.DistanceFieldAO:1]]
[2019.02.04-08.43.31:646][  0]LogConfig: Setting CVar [[r.AOQuality:2]]
[2019.02.04-08.43.31:646][  0]LogConfig: Setting CVar [[r.VolumetricFog:1]]
[2019.02.04-08.43.31:646][  0]LogConfig: Setting CVar [[r.VolumetricFog.GridPixelSize:8]]
[2019.02.04-08.43.31:646][  0]LogConfig: Setting CVar [[r.VolumetricFog.GridSizeZ:128]]
[2019.02.04-08.43.31:646][  0]LogConfig: Setting CVar [[r.VolumetricFog.HistoryMissSupersampleCount:4]]
[2019.02.04-08.43.31:646][  0]LogConfig: Setting CVar [[r.LightMaxDrawDistanceScale:1]]
[2019.02.04-08.43.31:646][  0]LogConfig: Setting CVar [[r.CapsuleShadows:1]]
[2019.02.04-08.43.31:646][  0]LogConfig: Applying CVar settings from Section [PostProcessQuality@3] File [C:/Users/Netsphere/Documents/GitHub/UNREAL/AMAZING/Saved/Config/Windows/Scalability.ini]
[2019.02.04-08.43.31:646][  0]LogConfig: Setting CVar [[r.MotionBlurQuality:4]]
[2019.02.04-08.43.31:646][  0]LogConfig: Setting CVar [[r.AmbientOcclusionMipLevelFactor:0.4]]
[2019.02.04-08.43.31:646][  0]LogConfig: Setting CVar [[r.AmbientOcclusionMaxQuality:100]]
[2019.02.04-08.43.31:646][  0]LogConfig: Setting CVar [[r.AmbientOcclusionLevels:-1]]
[2019.02.04-08.43.31:646][  0]LogConfig: Setting CVar [[r.AmbientOcclusionRadiusScale:1.0]]
[2019.02.04-08.43.31:646][  0]LogConfig: Setting CVar [[r.DepthOfFieldQuality:2]]
[2019.02.04-08.43.31:646][  0]LogConfig: Setting CVar [[r.RenderTargetPoolMin:400]]
[2019.02.04-08.43.31:646][  0]LogConfig: Setting CVar [[r.LensFlareQuality:2]]
[2019.02.04-08.43.31:646][  0]LogConfig: Setting CVar [[r.SceneColorFringeQuality:1]]
[2019.02.04-08.43.31:646][  0]LogConfig: Setting CVar [[r.EyeAdaptationQuality:2]]
[2019.02.04-08.43.31:646][  0]LogConfig: Setting CVar [[r.BloomQuality:5]]
[2019.02.04-08.43.31:646][  0]LogConfig: Setting CVar [[r.FastBlurThreshold:100]]
[2019.02.04-08.43.31:646][  0]LogConfig: Setting CVar [[r.Upscale.Quality:3]]
[2019.02.04-08.43.31:646][  0]LogConfig: Setting CVar [[r.Tonemapper.GrainQuantization:1]]
[2019.02.04-08.43.31:646][  0]LogConfig: Setting CVar [[r.LightShaftQuality:1]]
[2019.02.04-08.43.31:646][  0]LogConfig: Setting CVar [[r.Filter.SizeScale:1]]
[2019.02.04-08.43.31:646][  0]LogConfig: Setting CVar [[r.Tonemapper.Quality:5]]
[2019.02.04-08.43.31:646][  0]LogConfig: Setting CVar [[r.DOF.Gather.AccumulatorQuality:1        ; higher gathering accumulator quality]]
[2019.02.04-08.43.31:646][  0]LogConfig: Setting CVar [[r.DOF.Gather.PostfilterMethod:1          ; Median3x3 postfilering method]]
[2019.02.04-08.43.31:646][  0]LogConfig: Setting CVar [[r.DOF.Gather.EnableBokehSettings:0       ; no bokeh simulation when gathering]]
[2019.02.04-08.43.31:646][  0]LogConfig: Setting CVar [[r.DOF.Gather.RingCount:4                 ; medium number of samples when gathering]]
[2019.02.04-08.43.31:646][  0]LogConfig: Setting CVar [[r.DOF.Scatter.ForegroundCompositing:1    ; additive foreground scattering]]
[2019.02.04-08.43.31:646][  0]LogConfig: Setting CVar [[r.DOF.Scatter.BackgroundCompositing:2    ; additive background scattering]]
[2019.02.04-08.43.31:646][  0]LogConfig: Setting CVar [[r.DOF.Scatter.EnableBokehSettings:1      ; bokeh simulation when scattering]]
[2019.02.04-08.43.31:646][  0]LogConfig: Setting CVar [[r.DOF.Scatter.MaxSpriteRatio:0.1         ; only a maximum of 10% of scattered bokeh]]
[2019.02.04-08.43.31:646][  0]LogConfig: Setting CVar [[r.DOF.Recombine.Quality:1                ; cheap slight out of focus]]
[2019.02.04-08.43.31:646][  0]LogConfig: Setting CVar [[r.DOF.Recombine.EnableBokehSettings:0    ; no bokeh simulation on slight out of focus]]
[2019.02.04-08.43.31:646][  0]LogConfig: Setting CVar [[r.DOF.TemporalAAQuality:1                ; more stable temporal accumulation]]
[2019.02.04-08.43.31:646][  0]LogConfig: Setting CVar [[r.DOF.Kernel.MaxForegroundRadius:0.025]]
[2019.02.04-08.43.31:646][  0]LogConfig: Setting CVar [[r.DOF.Kernel.MaxBackgroundRadius:0.025]]
[2019.02.04-08.43.31:646][  0]LogConfig: Applying CVar settings from Section [TextureQuality@3] File [C:/Users/Netsphere/Documents/GitHub/UNREAL/AMAZING/Saved/Config/Windows/Scalability.ini]
[2019.02.04-08.43.31:646][  0]LogConfig: Setting CVar [[r.Streaming.MipBias:0]]
[2019.02.04-08.43.31:646][  0]LogConfig: Setting CVar [[r.Streaming.AmortizeCPUToGPUCopy:0]]
[2019.02.04-08.43.31:646][  0]LogConfig: Setting CVar [[r.Streaming.MaxNumTexturesToStreamPerFrame:0]]
[2019.02.04-08.43.31:646][  0]LogConfig: Setting CVar [[r.Streaming.Boost:1]]
[2019.02.04-08.43.31:646][  0]LogConfig: Setting CVar [[r.MaxAnisotropy:8]]
[2019.02.04-08.43.31:647][  0]LogConfig: Setting CVar [[r.Streaming.LimitPoolSizeToVRAM:0]]
[2019.02.04-08.43.31:647][  0]LogConfig: Setting CVar [[r.Streaming.PoolSize:1000]]
[2019.02.04-08.43.31:647][  0]LogConfig: Setting CVar [[r.Streaming.MaxEffectiveScreenSize:0]]
[2019.02.04-08.43.31:647][  0]LogConfig: Applying CVar settings from Section [EffectsQuality@3] File [C:/Users/Netsphere/Documents/GitHub/UNREAL/AMAZING/Saved/Config/Windows/Scalability.ini]
[2019.02.04-08.43.31:647][  0]LogConfig: Setting CVar [[r.TranslucencyLightingVolumeDim:64]]
[2019.02.04-08.43.31:647][  0]LogConfig: Setting CVar [[r.RefractionQuality:2]]
[2019.02.04-08.43.31:647][  0]LogConfig: Setting CVar [[r.SSR.Quality:3]]
[2019.02.04-08.43.31:647][  0]LogConfig: Setting CVar [[r.SceneColorFormat:4]]
[2019.02.04-08.43.31:647][  0]LogConfig: Setting CVar [[r.DetailMode:2]]
[2019.02.04-08.43.31:647][  0]LogConfig: Setting CVar [[r.TranslucencyVolumeBlur:1]]
[2019.02.04-08.43.31:647][  0]LogConfig: Setting CVar [[r.MaterialQualityLevel:1 ; High quality]]
[2019.02.04-08.43.31:647][  0]LogConfig: Setting CVar [[r.SSS.Scale:1]]
[2019.02.04-08.43.31:647][  0]LogConfig: Setting CVar [[r.SSS.SampleSet:2]]
[2019.02.04-08.43.31:647][  0]LogConfig: Setting CVar [[r.SSS.Quality:1]]
[2019.02.04-08.43.31:647][  0]LogConfig: Setting CVar [[r.SSS.HalfRes:1]]
[2019.02.04-08.43.31:647][  0]LogConfig: Setting CVar [[r.EmitterSpawnRateScale:1.0]]
[2019.02.04-08.43.31:647][  0]LogConfig: Setting CVar [[r.ParticleLightQuality:2]]
[2019.02.04-08.43.31:647][  0]LogConfig: Applying CVar settings from Section [FoliageQuality@3] File [C:/Users/Netsphere/Documents/GitHub/UNREAL/AMAZING/Saved/Config/Windows/Scalability.ini]
[2019.02.04-08.43.31:647][  0]LogConfig: Setting CVar [[foliage.DensityScale:1.0]]
[2019.02.04-08.43.31:647][  0]LogConfig: Setting CVar [[grass.DensityScale:1.0]]
[2019.02.04-08.43.31:647][  0]LogConfig: Applying CVar settings from Section [Startup] File [../../../Engine/Config/ConsoleVariables.ini]
[2019.02.04-08.43.31:647][  0]LogConfig: Setting CVar [[net.UseAdaptiveNetUpdateFrequency:0]]
[2019.02.04-08.43.31:647][  0]LogConfig: Applying CVar settings from Section [ConsoleVariables] File [C:/Users/Netsphere/Documents/GitHub/UNREAL/AMAZING/Saved/Config/Windows/Engine.ini]
[2019.02.04-08.43.31:647][  0]LogInit: Computer: DESKTOP-R2DONAV
[2019.02.04-08.43.31:647][  0]LogInit: User: Netsphere
[2019.02.04-08.43.31:647][  0]LogInit: CPU Page size=4096, Cores=2
[2019.02.04-08.43.31:647][  0]LogInit: High frequency timer resolution =2.648435 MHz
[2019.02.04-08.43.31:648][  0]LogMemory: Memory total: Physical=7.9GB (8GB approx)
[2019.02.04-08.43.31:648][  0]LogMemory: Platform Memory Stats for Windows
[2019.02.04-08.43.31:648][  0]LogMemory: Process Physical Memory: 102.27 MB used, 102.27 MB peak
[2019.02.04-08.43.31:648][  0]LogMemory: Process Virtual Memory: 84.48 MB used, 84.48 MB peak
[2019.02.04-08.43.31:648][  0]LogMemory: Physical Memory: 3506.64 MB used,  4601.27 MB free, 8107.91 MB total
[2019.02.04-08.43.31:648][  0]LogMemory: Virtual Memory: 4628.92 MB used,  134213096.00 MB free, 134217728.00 MB total
[2019.02.04-08.43.31:666][  0]LogInit: Using OS detected language (de-DE).
[2019.02.04-08.43.31:666][  0]LogInit: Using OS detected locale (de-DE).
[2019.02.04-08.43.31:667][  0]LogTextLocalizationManager: No specific localization for 'de-DE' exists, so the 'de' localization will be used.
[2019.02.04-08.43.31:669][  0]LogStreaming: Display: Took  0.003s to InitEngineTextLocalization.
[2019.02.04-08.43.31:669][  0]LogInit: Setting process to per monitor DPI aware
[2019.02.04-08.43.31:723][  0]LogSlate: New Slate User Created.  User Index 0, Is Virtual User: 0
[2019.02.04-08.43.31:723][  0]LogSlate: Slate User Registered.  User Index 0, Is Virtual User: 0
[2019.02.04-08.43.31:975][  0]LogHMD: Failed to initialize OpenVR with code 110
[2019.02.04-08.43.31:976][  0]LogD3D11RHI: D3D11 adapters:
[2019.02.04-08.43.31:986][  0]LogD3D11RHI:    0. 'Intel(R) HD Graphics 620' (Feature Level 11_0)
[2019.02.04-08.43.31:986][  0]LogD3D11RHI:       128/0/4053 MB DedicatedVideo/DedicatedSystem/SharedSystem, Outputs:1, VendorId:0x8086
[2019.02.04-08.43.31:988][  0]LogD3D11RHI:    1. 'Microsoft Basic Render Driver' (Feature Level 11_0)
[2019.02.04-08.43.31:988][  0]LogD3D11RHI:       0/0/4053 MB DedicatedVideo/DedicatedSystem/SharedSystem, Outputs:0, VendorId:0x1414
[2019.02.04-08.43.31:988][  0]LogD3D11RHI: Chosen D3D11 Adapter: 0
[2019.02.04-08.43.31:995][  0]LogD3D11RHI: Creating new Direct3DDevice
[2019.02.04-08.43.31:996][  0]LogD3D11RHI:     GPU DeviceId: 0x5916 (for the marketing name, search the web for "GPU Device Id")
[2019.02.04-08.43.31:996][  0]LogWindows: EnumDisplayDevices:
[2019.02.04-08.43.31:996][  0]LogWindows:    0. 'Intel(R) HD Graphics 620' (P:1 D:1)
[2019.02.04-08.43.31:996][  0]LogWindows:    1. 'Intel(R) HD Graphics 620' (P:0 D:0)
[2019.02.04-08.43.31:997][  0]LogWindows:    2. 'Intel(R) HD Graphics 620' (P:0 D:0)
[2019.02.04-08.43.31:997][  0]LogWindows: DebugString: FoundDriverCount:3 
[2019.02.04-08.43.31:997][  0]LogD3D11RHI:     Adapter Name: Intel(R) HD Graphics 620
[2019.02.04-08.43.31:997][  0]LogD3D11RHI:   Driver Version: 22.20.16.4708 (internal:22.20.16.4708, unified:22.20.16.4708)
[2019.02.04-08.43.31:997][  0]LogD3D11RHI:      Driver Date: 6-16-2017
[2019.02.04-08.43.31:997][  0]LogRHI: Texture pool is 1508 MB (70% of 2154 MB)
[2019.02.04-08.43.32:033][  0]LogD3D11RHI: [IntelMetricsDiscovery] Started
[2019.02.04-08.43.32:033][  0]LogD3D11RHI: Async texture creation enabled
[2019.02.04-08.43.32:042][  0]LogD3D11RHI: GPU Timing Frequency: 12.000000 (Debug: 2 0)
[2019.02.04-08.43.32:421][  0]LogTemp: Display: Loaded TP AllDesktopTargetPlatform
[2019.02.04-08.43.32:437][  0]LogTemp: Display: Loaded TP MacClientTargetPlatform
[2019.02.04-08.43.32:452][  0]LogTemp: Display: Loaded TP MacNoEditorTargetPlatform
[2019.02.04-08.43.32:468][  0]LogTemp: Display: Loaded TP MacServerTargetPlatform
[2019.02.04-08.43.32:484][  0]LogTemp: Display: Loaded TP MacTargetPlatform
[2019.02.04-08.43.32:501][  0]LogTemp: Display: Loaded TP WindowsClientTargetPlatform
[2019.02.04-08.43.32:518][  0]LogTemp: Display: Loaded TP WindowsNoEditorTargetPlatform
[2019.02.04-08.43.32:533][  0]LogTemp: Display: Loaded TP WindowsServerTargetPlatform
[2019.02.04-08.43.32:541][  0]LogTemp: Display: Loaded TP WindowsTargetPlatform
[2019.02.04-08.43.32:633][  0]LogTemp: Display: Loaded TP AndroidTargetPlatform
[2019.02.04-08.43.32:633][  0]LogTemp: Display: Loaded TP AndroidTargetPlatform
[2019.02.04-08.43.32:633][  0]LogTemp: Display: Loaded TP AndroidTargetPlatform
[2019.02.04-08.43.32:633][  0]LogTemp: Display: Loaded TP AndroidTargetPlatform
[2019.02.04-08.43.32:633][  0]LogTemp: Display: Loaded TP AndroidTargetPlatform
[2019.02.04-08.43.32:633][  0]LogTemp: Display: Loaded TP AndroidTargetPlatform
[2019.02.04-08.43.32:633][  0]LogTemp: Display: Loaded TP AndroidTargetPlatform
[2019.02.04-08.43.32:633][  0]LogTemp: Display: Loaded TP AndroidTargetPlatform
[2019.02.04-08.43.32:633][  0]LogTemp: Display: Loaded TP AndroidTargetPlatform
[2019.02.04-08.43.32:633][  0]LogTemp: Display: Loaded TP AndroidTargetPlatform
[2019.02.04-08.43.32:633][  0]LogTemp: Display: Loaded TP AndroidTargetPlatform
[2019.02.04-08.43.32:633][  0]LogTemp: Display: Loaded TP AndroidTargetPlatform
[2019.02.04-08.43.32:633][  0]LogTemp: Display: Loaded TP AndroidTargetPlatform
[2019.02.04-08.43.32:633][  0]LogTemp: Display: Loaded TP AndroidTargetPlatform
[2019.02.04-08.43.32:633][  0]LogTemp: Display: Loaded TP AndroidTargetPlatform
[2019.02.04-08.43.32:633][  0]LogTemp: Display: Loaded TP AndroidTargetPlatform
[2019.02.04-08.43.32:633][  0]LogTemp: Display: Loaded TP AndroidTargetPlatform
[2019.02.04-08.43.32:633][  0]LogTemp: Display: Loaded TP AndroidTargetPlatform
[2019.02.04-08.43.32:635][  0]LogTemp: Display: Loaded TP HTML5TargetPlatform
[2019.02.04-08.43.32:699][  0]LogTemp: Display: Loaded TP IOSTargetPlatform
[2019.02.04-08.43.32:699][  0]LogTemp: Display: Loaded TP IOSTargetPlatform
[2019.02.04-08.43.32:728][  0]LogTemp: Display: Loaded TP TVOSTargetPlatform
[2019.02.04-08.43.32:728][  0]LogTemp: Display: Loaded TP TVOSTargetPlatform
[2019.02.04-08.43.32:741][  0]LogTemp: Display: Loaded TP LinuxClientTargetPlatform
[2019.02.04-08.43.32:755][  0]LogTemp: Display: Loaded TP LinuxNoEditorTargetPlatform
[2019.02.04-08.43.32:769][  0]LogTemp: Display: Loaded TP LinuxServerTargetPlatform
[2019.02.04-08.43.32:783][  0]LogTemp: Display: Loaded TP LinuxTargetPlatform
[2019.02.04-08.43.32:832][  0]LogTemp: Display: Loaded TP LuminTargetPlatform
[2019.02.04-08.43.32:832][  0]LogTemp: Display: Loaded TP LuminTargetPlatform
[2019.02.04-08.43.32:832][  0]LogTargetPlatformManager: Display: Building Assets For Windows
[2019.02.04-08.43.32:909][  0]LogShaderCompilers: Guid format shader working directory is -15 characters bigger than the processId version (../../../../../../Users/Netsphere/Documents/GitHub/UNREAL/AMAZING/Intermediate/Shaders/WorkingDirectory/7112/).
[2019.02.04-08.43.32:909][  0]LogShaderCompilers: Cleaned the shader compiler working directory 'C:/Users/Netsphere/AppData/Local/Temp/UnrealShaderWorkingDir/1FBBB9E747F325D26DD133BF88B7524B/'.
[2019.02.04-08.43.32:912][  0]LogXGEController: Cleaning working directory: C:/Users/Netsphere/AppData/Local/Temp/UnrealXGEWorkingDir/
[2019.02.04-08.43.32:912][  0]LogXGEController: Cannot use XGE Controller as Incredibuild is not installed on this machine.
[2019.02.04-08.43.32:912][  0]LogShaderCompilers: Cannot use XGE Shader Compiler as Incredibuild is not installed on this machine.
[2019.02.04-08.43.32:913][  0]LogShaderCompilers: Display: Using Local Shader Compiler.
[2019.02.04-08.43.33:850][  0]LogDerivedDataCache: Display: Max Cache Size: 512 MB
[2019.02.04-08.43.33:919][  0]LogDerivedDataCache: Loaded boot cache 0.07s 71MB C:/Users/Netsphere/AppData/Local/UnrealEngine/4.21/DerivedDataCache/Boot.ddc.
[2019.02.04-08.43.33:920][  0]LogDerivedDataCache: Display: Loaded Boot cache: C:/Users/Netsphere/AppData/Local/UnrealEngine/4.21/DerivedDataCache/Boot.ddc
[2019.02.04-08.43.33:920][  0]LogDerivedDataCache: FDerivedDataBackendGraph:  Pak pak cache file ../../../../../../Users/Netsphere/Documents/GitHub/UNREAL/AMAZING/DerivedDataCache/DDC.ddp not found, will not use a pak cache.
[2019.02.04-08.43.33:920][  0]LogDerivedDataCache: Unable to find inner node Pak for hierarchical cache Hierarchy.
[2019.02.04-08.43.33:920][  0]LogDerivedDataCache: FDerivedDataBackendGraph:  CompressedPak pak cache file ../../../../../../Users/Netsphere/Documents/GitHub/UNREAL/AMAZING/DerivedDataCache/Compressed.ddp not found, will not use a pak cache.
[2019.02.04-08.43.33:920][  0]LogDerivedDataCache: Unable to find inner node CompressedPak for hierarchical cache Hierarchy.
[2019.02.04-08.43.33:935][  0]LogDerivedDataCache: Display: Pak cache opened for reading ../../../Engine/DerivedDataCache/Compressed.ddp.
[2019.02.04-08.43.33:935][  0]LogDerivedDataCache: FDerivedDataBackendGraph:  EnterprisePak pak cache file ../../../Enterprise/DerivedDataCache/Compressed.ddp not found, will not use a pak cache.
[2019.02.04-08.43.33:935][  0]LogDerivedDataCache: Unable to find inner node EnterprisePak for hierarchical cache Hierarchy.
[2019.02.04-08.43.33:947][  0]LogDerivedDataCache: Using Local data cache path C:/Users/Netsphere/AppData/Local/UnrealEngine/Common/DerivedDataCache: Writable
[2019.02.04-08.43.33:947][  0]LogDerivedDataCache: Shared data cache path not found in *engine.ini, will not use an Shared cache.
[2019.02.04-08.43.33:947][  0]LogDerivedDataCache: Unable to find inner node Shared for hierarchical cache Hierarchy.
[2019.02.04-08.43.33:977][  0]LogMaterial: Verifying Global Shaders for PCD3D_SM5
[2019.02.04-08.43.33:980][  0]LogSlate: Using FreeType 2.6.0
[2019.02.04-08.43.33:981][  0]LogSlate: SlateFontServices - WITH_FREETYPE: 1, WITH_HARFBUZZ: 1
[2019.02.04-08.43.34:088][  0]LogAssetRegistry: FAssetRegistry took 0.0352 seconds to start up
[2019.02.04-08.43.34:516][  0]LogInit: Selected Device Profile: [Windows]
[2019.02.04-08.43.34:683][  0]LogSimplygon: Simplygon DLL not present - disabling.
[2019.02.04-08.43.34:687][  0]LogMeshReduction: Using SimplygonSwarm for distributed automatic mesh merging
[2019.02.04-08.43.34:687][  0]LogMeshReduction: Using ProxyLODMeshReduction for automatic mesh merging
[2019.02.04-08.43.34:687][  0]LogMeshReduction: Using QuadricMeshReduction for automatic static mesh reduction
[2019.02.04-08.43.34:687][  0]LogMeshReduction: No automatic skeletal mesh reduction module available
[2019.02.04-08.43.34:704][  0]LogNetVersion: AMAZING 1.0.0, NetCL: 4541578, EngineNetVer: 5, GameNetVer: 0 (Checksum: 3976847824)
[2019.02.04-08.43.35:344][  0]LogPackageLocalizationCache: Processed 11 localized package path(s) for 2 prioritized culture(s) in 0.110453 seconds
[2019.02.04-08.43.35:352][  0]LogUObjectArray: 39775 objects as part of root set at end of initial load.
[2019.02.04-08.43.35:352][  0]LogUObjectAllocator: 6914656 out of 0 bytes used by permanent object pool.
[2019.02.04-08.43.35:352][  0]LogUObjectArray: CloseDisregardForGC: 0/0 objects in disregard for GC pool
[2019.02.04-08.43.36:333][  0]LogTcpMessaging: Initializing TcpMessaging bridge
[2019.02.04-08.43.36:347][  0]LogUdpMessaging: Initializing bridge on interface 0.0.0.0:0 to multicast group 230.0.0.1:6666.
[2019.02.04-08.43.37:187][  0]SourceControl: Source control is disabled
[2019.02.04-08.43.37:187][  0]SourceControl: Source control is disabled
[2019.02.04-08.43.37:189][  0]SourceControl: Source control is disabled
[2019.02.04-08.43.37:190][  0]SourceControl: Source control is disabled
[2019.02.04-08.43.37:358][  0]LogAndroidPermission: UAndroidPermissionCallbackProxy::GetInstance
[2019.02.04-08.43.37:442][  0]LogOcInput: OculusInput pre-init called
[2019.02.04-08.43.37:598][  0]LogEngine: Initializing Engine...
[2019.02.04-08.43.37:599][  0]LogHMD: Failed to initialize OpenVR with code 110
[2019.02.04-08.43.37:601][  0]LogStats: UGameplayTagsManager::ConstructGameplayTagTree: ImportINI prefixes -  0.000 s
[2019.02.04-08.43.37:601][  0]LogStats: UGameplayTagsManager::ConstructGameplayTagTree: Construct from data asset -  0.000 s
[2019.02.04-08.43.37:601][  0]LogStats: UGameplayTagsManager::ConstructGameplayTagTree: ImportINI -  0.000 s
[2019.02.04-08.43.37:601][  0]LogStats: UGameplayTagsManager::ConstructGameplayTagTree: GameplayTagTreeChangedEvent.Broadcast -  0.000 s
[2019.02.04-08.43.37:872][  0]LogInit: Initializing FReadOnlyCVARCache
[2019.02.04-08.43.37:896][  0]LogAIModule: Creating AISystem for world Untitled
[2019.02.04-08.43.37:912][  0]LogInit: XAudio2 using 'Lautsprecher (3- ROCCAT Khan AIMO)' : 6 channels at 48 kHz using 24 bits per sample (channel mask 0x3f)
[2019.02.04-08.43.37:953][  0]LogInit: FAudioDevice initialized.
[2019.02.04-08.43.37:953][  0]LogNetVersion: Set ProjectVersion to 1.0.0.0. Version Checksum will be recalculated on next use.
[2019.02.04-08.43.38:203][  0]LogDerivedDataCache: Saved boot cache 0.25s 71MB C:/Users/Netsphere/AppData/Local/UnrealEngine/4.21/DerivedDataCache/Boot.ddc.
[2019.02.04-08.43.38:218][  0]LogInit: Texture streaming: Enabled
[2019.02.04-08.43.38:238][  0]LogEngineSessionManager: EngineSessionManager initialized
[2019.02.04-08.43.38:259][  0]LogInit: Transaction tracking system initialized
[2019.02.04-08.43.38:290][  0]BlueprintLog: New page: Editor Load
[2019.02.04-08.43.38:380][  0]LocalizationService: Localization service is disabled
[2019.02.04-08.43.38:967][  0]LogFileCache: Scanning file cache for directory 'C:/Users/Netsphere/Documents/GitHub/UNREAL/AMAZING/Content/' took 0.02s
[2019.02.04-08.43.38:967][  0]LogCook: Display: Max memory allowance for cook 16384mb min free memory 0mb
[2019.02.04-08.43.38:967][  0]LogCook: Display: Mobile HDR setting 1
[2019.02.04-08.43.38:968][  0]LogGameplayTags: Display: UGameplayTagsManager::DoneAddingNativeTags. DelegateIsBound: 0
[2019.02.04-08.43.38:968][  0]LogStats: UGameplayTagsManager::ConstructGameplayTagTree: ImportINI prefixes -  0.000 s
[2019.02.04-08.43.38:968][  0]LogStats: UGameplayTagsManager::ConstructGameplayTagTree: Construct from data asset -  0.000 s
[2019.02.04-08.43.38:968][  0]LogStats: UGameplayTagsManager::ConstructGameplayTagTree: ImportINI -  0.000 s
[2019.02.04-08.43.38:968][  0]LogStats: UGameplayTagsManager::ConstructGameplayTagTree: GameplayTagTreeChangedEvent.Broadcast -  0.000 s
[2019.02.04-08.43.39:155][  0]SourceControl: Source control is disabled
[2019.02.04-08.43.39:155][  0]Cmd: MAP LOAD FILE="../../../../../../Users/Netsphere/Documents/GitHub/UNREAL/AMAZING/Content/ThirdPersonBP/Maps/ThirdPersonExampleMap.umap" TEMPLATE=0 SHOWPROGRESS=1 FEATURELEVEL=3
[2019.02.04-08.43.39:156][  0]LightingResults: New page: Lighting Build
[2019.02.04-08.43.39:159][  0]MapCheck: New page: Map Check
[2019.02.04-08.43.39:159][  0]LightingResults: New page: Lighting Build
[2019.02.04-08.43.40:057][  0]LogAIModule: Creating AISystem for world ThirdPersonExampleMap
[2019.02.04-08.43.40:121][  0]LogEditorServer: Finished looking for orphan Actors (0.000 secs)
[2019.02.04-08.43.40:163][  0]Cmd: MAP CHECKDEP NOCLEARLOG
[2019.02.04-08.43.40:163][  0]MapCheck: Map check complete: 0 Error(s), 0 Warning(s), took 0,245ms to complete.
[2019.02.04-08.43.40:163][  0]LogFileHelpers: Loading map 'ThirdPersonExampleMap' took 1.008
[2019.02.04-08.43.40:296][  0]LogSlate: Updating window title bar state: overlay mode, drag disabled, window buttons hidden, title bar hidden
[2019.02.04-08.43.40:311][  0]LogSlate: Updating window title bar state: overlay mode, drag disabled, window buttons hidden, title bar hidden
[2019.02.04-08.43.40:324][  0]LogSlate: Updating window title bar state: overlay mode, drag disabled, window buttons hidden, title bar hidden
[2019.02.04-08.43.40:339][  0]LogSlate: Updating window title bar state: overlay mode, drag disabled, window buttons hidden, title bar hidden
[2019.02.04-08.43.40:351][  0]LogCollectionManager: Loaded 0 collections in 0.003400 seconds
[2019.02.04-08.43.40:371][  0]LogFileCache: Scanning file cache for directory 'C:/Users/Netsphere/Documents/GitHub/UNREAL/AMAZING/Saved/Collections/' took 0.01s
[2019.02.04-08.43.40:372][  0]LogFileCache: Scanning file cache for directory 'C:/Users/Netsphere/Documents/GitHub/UNREAL/AMAZING/Content/Developers/Netsphere/Collections/' took 0.00s
[2019.02.04-08.43.40:372][  0]LogFileCache: Scanning file cache for directory 'C:/Users/Netsphere/Documents/GitHub/UNREAL/AMAZING/Content/Collections/' took 0.00s
[2019.02.04-08.43.40:372][  0]LogCollectionManager: Rebuilt the GUID cache for 0 collections in 0.000000 seconds
[2019.02.04-08.43.40:388][  0]LogContentBrowser: Native class hierarchy populated in 0.0163 seconds. Added 2651 classes and 620 folders.
[2019.02.04-08.43.40:401][  0]LogContentBrowser: Native class hierarchy updated for 'WidgetCarousel' in 0.0004 seconds. Added 0 classes and 0 folders.
[2019.02.04-08.43.40:404][  0]LogPakFile: Registered encryption key '00000000000000000000000000000000': 0 pak files mounted, 0 remain pending
[2019.02.04-08.43.40:405][  0]LogPakFile: Registered encryption key '00000000000000000000000000000000': 0 pak files mounted, 0 remain pending
[2019.02.04-08.43.40:406][  0]LogPakFile: Registered encryption key '00000000000000000000000000000000': 0 pak files mounted, 0 remain pending
[2019.02.04-08.43.40:407][  0]LogPakFile: Registered encryption key '00000000000000000000000000000000': 0 pak files mounted, 0 remain pending
[2019.02.04-08.43.40:408][  0]LogPakFile: Registered encryption key '00000000000000000000000000000000': 0 pak files mounted, 0 remain pending
[2019.02.04-08.43.40:409][  0]LogPakFile: Registered encryption key '00000000000000000000000000000000': 0 pak files mounted, 0 remain pending
[2019.02.04-08.43.40:410][  0]LogPakFile: Registered encryption key '00000000000000000000000000000000': 0 pak files mounted, 0 remain pending
[2019.02.04-08.43.40:411][  0]LogPakFile: Registered encryption key '00000000000000000000000000000000': 0 pak files mounted, 0 remain pending
[2019.02.04-08.43.40:412][  0]LogPakFile: Registered encryption key '00000000000000000000000000000000': 0 pak files mounted, 0 remain pending
[2019.02.04-08.43.40:413][  0]LogPakFile: Registered encryption key '00000000000000000000000000000000': 0 pak files mounted, 0 remain pending
[2019.02.04-08.43.40:414][  0]LogPakFile: Registered encryption key '00000000000000000000000000000000': 0 pak files mounted, 0 remain pending
[2019.02.04-08.43.40:415][  0]LogPakFile: Registered encryption key '00000000000000000000000000000000': 0 pak files mounted, 0 remain pending
[2019.02.04-08.43.40:416][  0]LogPakFile: Registered encryption key '00000000000000000000000000000000': 0 pak files mounted, 0 remain pending
[2019.02.04-08.43.40:417][  0]LogPakFile: Registered encryption key '00000000000000000000000000000000': 0 pak files mounted, 0 remain pending
[2019.02.04-08.43.40:417][  0]LogPakFile: Registered encryption key '00000000000000000000000000000000': 0 pak files mounted, 0 remain pending
[2019.02.04-08.43.40:418][  0]LogPakFile: Registered encryption key '00000000000000000000000000000000': 0 pak files mounted, 0 remain pending
[2019.02.04-08.43.40:419][  0]LogPakFile: Registered encryption key '00000000000000000000000000000000': 0 pak files mounted, 0 remain pending
[2019.02.04-08.43.40:420][  0]LogPakFile: Registered encryption key '00000000000000000000000000000000': 0 pak files mounted, 0 remain pending
[2019.02.04-08.43.40:422][  0]LogPakFile: Registered encryption key '00000000000000000000000000000000': 0 pak files mounted, 0 remain pending
[2019.02.04-08.43.40:422][  0]LogPakFile: Registered encryption key '00000000000000000000000000000000': 0 pak files mounted, 0 remain pending
[2019.02.04-08.43.40:423][  0]LogPakFile: Registered encryption key '00000000000000000000000000000000': 0 pak files mounted, 0 remain pending
[2019.02.04-08.43.40:425][  0]LogPakFile: Registered encryption key '00000000000000000000000000000000': 0 pak files mounted, 0 remain pending
[2019.02.04-08.43.40:426][  0]LogPakFile: Registered encryption key '00000000000000000000000000000000': 0 pak files mounted, 0 remain pending
[2019.02.04-08.43.40:427][  0]LogPakFile: Registered encryption key '00000000000000000000000000000000': 0 pak files mounted, 0 remain pending
[2019.02.04-08.43.40:428][  0]LogPakFile: Registered encryption key '00000000000000000000000000000000': 0 pak files mounted, 0 remain pending
[2019.02.04-08.43.40:429][  0]LogPakFile: Registered encryption key '00000000000000000000000000000000': 0 pak files mounted, 0 remain pending
[2019.02.04-08.43.40:485][  0]LogContentBrowser: Native class hierarchy updated for 'AddContentDialog' in 0.0005 seconds. Added 0 classes and 0 folders.
[2019.02.04-08.43.40:503][  0]LogContentBrowser: Native class hierarchy updated for 'SceneOutliner' in 0.0004 seconds. Added 1 classes and 2 folders.
[2019.02.04-08.43.40:786][  0]LogSlate: Took 0.000273 seconds to synchronously load lazily loaded font '../../../Engine/Content/Slate/Fonts/Roboto-Regular.ttf' (155K)
[2019.02.04-08.43.40:789][  0]LogSlate: Took 0.000217 seconds to synchronously load lazily loaded font '../../../Engine/Content/Slate/Fonts/Roboto-Bold.ttf' (160K)
[2019.02.04-08.43.40:802][  0]LogSlate: Took 0.000241 seconds to synchronously load lazily loaded font '../../../Engine/Content/Editor/Slate/Fonts/FontAwesome.ttf' (139K)
[2019.02.04-08.43.40:933][  0]LogRenderer: Reallocating scene render targets to support 964x432 Format 10 NumSamples 1 (Frame:1).
[2019.02.04-08.43.42:720][  0]LogContentBrowser: Native class hierarchy updated for 'HierarchicalLODOutliner' in 0.0004 seconds. Added 0 classes and 0 folders.
[2019.02.04-08.43.42:720][  0]LogLoad: (Engine Initialization) Total time: 12.90 seconds
[2019.02.04-08.43.42:720][  0]LogLoad: (Engine Initialization) Total Blueprint compile time: 0.00 seconds
[2019.02.04-08.43.42:741][  0]LogWindowsTextInputMethodSystem: Display: IME system now deactivated.
[2019.02.04-08.43.42:843][  0]LogContentStreaming: Texture pool size now 1000 MB
[2019.02.04-08.43.43:269][  3]LogAssetRegistry: Asset discovery search completed in 9.2040 seconds
[2019.02.04-08.43.43:272][  3]LogCollectionManager: Rebuilt the object cache for 0 collections in 0.000000 seconds (found 0 objects)
[2019.02.04-08.43.43:272][  3]LogCollectionManager: Fixed up redirectors for 0 collections in 0.000077 seconds (updated 0 objects)
[2019.02.04-08.43.44:370][ 49]LogSlate: Took 0.000169 seconds to synchronously load lazily loaded font '../../../Engine/Content/Slate/Fonts/Roboto-Light.ttf' (167K)
[2019.02.04-08.43.45:521][ 55]LogSlate: FSceneViewport::OnFocusLost() reason 0
[2019.02.04-08.43.45:594][ 56]LogTemp: Repeating last play command: Simulate
[2019.02.04-08.43.45:638][ 56]LogBlueprintUserMessages: Early PlayInEditor Detection: Level '/Game/ThirdPersonBP/Maps/ThirdPersonExampleMap.ThirdPersonExampleMap:PersistentLevel' has LevelScriptBlueprint '/Game/ThirdPersonBP/Maps/ThirdPersonExampleMap.ThirdPersonExampleMap:PersistentLevel.ThirdPersonExampleMap' with GeneratedClass '/Game/ThirdPersonBP/Maps/ThirdPersonExampleMap.ThirdPersonExampleMap_C' with ClassGeneratedBy '/Game/ThirdPersonBP/Maps/ThirdPersonExampleMap.ThirdPersonExampleMap:PersistentLevel.ThirdPersonExampleMap'
[2019.02.04-08.43.45:638][ 56]LogPlayLevel: PlayLevel: No blueprints needed recompiling
[2019.02.04-08.43.45:639][ 56]PIE: New page: SIE session: ThirdPersonExampleMap (04.02.2019 10:43:45)
[2019.02.04-08.43.45:651][ 56]LogPlayLevel: Creating play world package: /Game/ThirdPersonBP/Maps/UEDPIE_0_ThirdPersonExampleMap
[2019.02.04-08.43.45:712][ 56]LogPlayLevel: PIE: StaticDuplicateObject took: (0.060960s)
[2019.02.04-08.43.45:713][ 56]LogAIModule: Creating AISystem for world ThirdPersonExampleMap
[2019.02.04-08.43.45:713][ 56]LogPlayLevel: PIE: World Init took: (0.001190s)
[2019.02.04-08.43.45:714][ 56]LogPlayLevel: PIE: Created PIE world by copying editor world from /Game/ThirdPersonBP/Maps/ThirdPersonExampleMap.ThirdPersonExampleMap to /Game/ThirdPersonBP/Maps/UEDPIE_0_ThirdPersonExampleMap.ThirdPersonExampleMap (0.062655s)
[2019.02.04-08.43.45:763][ 56]LogInit: XAudio2 using 'Lautsprecher (3- ROCCAT Khan AIMO)' : 6 channels at 48 kHz using 24 bits per sample (channel mask 0x3f)
[2019.02.04-08.43.45:786][ 56]LogInit: FAudioDevice initialized.
[2019.02.04-08.43.47:907][ 56]LogLoad: Game class is 'ThirdPersonGameMode_C'
[2019.02.04-08.43.47:919][ 56]LogWorld: Bringing World /Game/ThirdPersonBP/Maps/UEDPIE_0_ThirdPersonExampleMap.ThirdPersonExampleMap up for play (max tick rate 60) at 2019.02.04-09.43.47
[2019.02.04-08.43.47:920][ 56]LogWorld: Bringing up level for play took: 0.011782
[2019.02.04-08.43.47:933][ 56]LogGameMode: FindPlayerStart: PATHS NOT DEFINED or NO PLAYERSTART with positive rating
[2019.02.04-08.43.47:939][ 56]LogContentBrowser: Native class hierarchy updated for 'MovieSceneCapture' in 0.0003 seconds. Added 20 classes and 0 folders.
[2019.02.04-08.43.47:941][ 56]PIE: Play in editor start time for /Game/ThirdPersonBP/Maps/UEDPIE_0_ThirdPersonExampleMap 3,29
[2019.02.04-08.43.47:979][ 56]LogBlueprintUserMessages: Late PlayInEditor Detection: Level '/Game/ThirdPersonBP/Maps/ThirdPersonExampleMap.ThirdPersonExampleMap:PersistentLevel' has LevelScriptBlueprint '/Game/ThirdPersonBP/Maps/ThirdPersonExampleMap.ThirdPersonExampleMap:PersistentLevel.ThirdPersonExampleMap' with GeneratedClass '/Game/ThirdPersonBP/Maps/ThirdPersonExampleMap.ThirdPersonExampleMap_C' with ClassGeneratedBy '/Game/ThirdPersonBP/Maps/ThirdPersonExampleMap.ThirdPersonExampleMap:PersistentLevel.ThirdPersonExampleMap'
[2019.02.04-08.43.53:390][140]LogBlueprintUserMessages: Early EndPlayMap Detection: Level '/Game/ThirdPersonBP/Maps/ThirdPersonExampleMap.ThirdPersonExampleMap:PersistentLevel' has LevelScriptBlueprint '/Game/ThirdPersonBP/Maps/ThirdPersonExampleMap.ThirdPersonExampleMap:PersistentLevel.ThirdPersonExampleMap' with GeneratedClass '/Game/ThirdPersonBP/Maps/ThirdPersonExampleMap.ThirdPersonExampleMap_C' with ClassGeneratedBy '/Game/ThirdPersonBP/Maps/ThirdPersonExampleMap.ThirdPersonExampleMap:PersistentLevel.ThirdPersonExampleMap'
[2019.02.04-08.43.53:391][140]LogSlate: Updating window title bar state: overlay mode, drag disabled, window buttons hidden, title bar hidden
[2019.02.04-08.43.53:498][140]LogPlayLevel: Display: Shutting down PIE online subsystems
[2019.02.04-08.43.53:498][140]LogBlueprintUserMessages: Late EndPlayMap Detection: Level '/Game/ThirdPersonBP/Maps/ThirdPersonExampleMap.ThirdPersonExampleMap:PersistentLevel' has LevelScriptBlueprint '/Game/ThirdPersonBP/Maps/ThirdPersonExampleMap.ThirdPersonExampleMap:PersistentLevel.ThirdPersonExampleMap' with GeneratedClass '/Game/ThirdPersonBP/Maps/ThirdPersonExampleMap.ThirdPersonExampleMap_C' with ClassGeneratedBy '/Game/ThirdPersonBP/Maps/ThirdPersonExampleMap.ThirdPersonExampleMap:PersistentLevel.ThirdPersonExampleMap'
[2019.02.04-08.43.53:521][140]LogSlate: Updating window title bar state: overlay mode, drag disabled, window buttons hidden, title bar hidden
[2019.02.04-08.43.53:594][141]LogPlayLevel: Display: Destroying online subsystem :Context_2
[2019.02.04-08.43.54:692][157]LogSlate: FSceneViewport::OnFocusLost() reason 0
