Log file open, 01/10/19 10:57:24
LogWindows: Failed to load 'aqProf.dll' (GetLastError=126)
LogWindows: File 'aqProf.dll' does not exist
LogWindows: Failed to load 'VSPerf140.dll' (GetLastError=126)
LogWindows: File 'VSPerf140.dll' does not exist
LogWindows: Failed to load 'VtuneApi.dll' (GetLastError=126)
LogWindows: File 'VtuneApi.dll' does not exist
LogWindows: Failed to load 'VtuneApi32e.dll' (GetLastError=126)
LogWindows: File 'VtuneApi32e.dll' does not exist
LogInit: Display: Running engine for game: MyProject
LogPlatformFile: Not using cached read wrapper
LogTaskGraph: Started task graph with 5 named threads and 14 total threads with 3 sets of task threads.
LogStats: Stats thread started at 0.175872
LogD3D11RHI: Loaded GFSDK_Aftermath_Lib.x64.dll
LogICUInternationalization: Display: ICU TimeZone Detection - Raw Offset: +1:00, Platform Override: ''
LogPluginManager: Mounting plugin Paper2D
LogPluginManager: Mounting plugin AISupport
LogPluginManager: Mounting plugin LightPropagationVolume
LogPluginManager: Mounting plugin CLionSourceCodeAccess
LogPluginManager: Mounting plugin CodeLiteSourceCodeAccess
LogPluginManager: Mounting plugin GitSourceControl
LogPluginManager: Mounting plugin KDevelopSourceCodeAccess
LogPluginManager: Mounting plugin NullSourceCodeAccess
LogPluginManager: Mounting plugin PerforceSourceControl
LogPluginManager: Mounting plugin SubversionSourceControl
LogPluginManager: Mounting plugin UObjectPlugin
LogPluginManager: Mounting plugin VisualStudioCodeSourceCodeAccess
LogPluginManager: Mounting plugin VisualStudioSourceCodeAccess
LogPluginManager: Mounting plugin XCodeSourceCodeAccess
LogPluginManager: Mounting plugin AssetManagerEditor
LogPluginManager: Mounting plugin CryptoKeys
LogPluginManager: Mounting plugin DataValidation
LogPluginManager: Mounting plugin FacialAnimation
LogPluginManager: Mounting plugin GameplayTagsEditor
LogPluginManager: Mounting plugin MacGraphicsSwitching
LogPluginManager: Mounting plugin MeshEditor
LogPluginManager: Mounting plugin MobileLauncherProfileWizard
LogPluginManager: Mounting plugin PluginBrowser
LogPluginManager: Mounting plugin SpeedTreeImporter
LogPluginManager: Mounting plugin DatasmithContent
LogPluginManager: Mounting plugin AlembicImporter
LogPluginManager: Mounting plugin AppleImageUtils
LogPluginManager: Mounting plugin AppleVision
LogPluginManager: Mounting plugin BackChannel
LogPluginManager: Mounting plugin CharacterAI
LogPluginManager: Mounting plugin GeometryCache
LogPluginManager: Mounting plugin HTML5Networking
LogPluginManager: Mounting plugin ProxyLODPlugin
LogPluginManager: Mounting plugin MagicLeap
LogPluginManager: Mounting plugin MagicLeapEmulator
LogPluginManager: Mounting plugin MagicLeapMedia
LogPluginManager: Mounting plugin AndroidMedia
LogPluginManager: Mounting plugin AvfMedia
LogPluginManager: Mounting plugin ImgMedia
LogPluginManager: Mounting plugin LinearTimecode
LogPluginManager: Mounting plugin MediaCompositing
LogPluginManager: Mounting plugin MediaPlayerEditor
LogPluginManager: Mounting plugin WmfMedia
LogPluginManager: Mounting plugin TcpMessaging
LogPluginManager: Mounting plugin UdpMessaging
LogPluginManager: Mounting plugin ActorSequence
LogPluginManager: Mounting plugin LevelSequenceEditor
LogPluginManager: Mounting plugin MatineeToLevelSequence
LogPluginManager: Mounting plugin NetcodeUnitTest
LogPluginManager: Mounting plugin NUTUnrealEngine4
LogPluginManager: Mounting plugin OnlineSubsystemGooglePlay
LogPluginManager: Mounting plugin OnlineSubsystemIOS
LogPluginManager: Mounting plugin OnlineSubsystem
LogPluginManager: Mounting plugin OnlineSubsystemNull
LogPluginManager: Mounting plugin OnlineSubsystemUtils
LogPluginManager: Mounting plugin LauncherChunkInstaller
LogPluginManager: Mounting plugin AndroidDeviceProfileSelector
LogPluginManager: Mounting plugin AndroidMoviePlayer
LogPluginManager: Mounting plugin AndroidPermission
LogPluginManager: Mounting plugin AppleMoviePlayer
LogPluginManager: Mounting plugin ArchVisCharacter
LogPluginManager: Mounting plugin AudioCapture
LogPluginManager: Mounting plugin CableComponent
LogPluginManager: Mounting plugin CustomMeshComponent
LogPluginManager: Mounting plugin EditableMesh
LogPluginManager: Mounting plugin ExampleDeviceProfileSelector
LogPluginManager: Mounting plugin GoogleCloudMessaging
LogPluginManager: Mounting plugin ImmediatePhysics
LogPluginManager: Mounting plugin IOSDeviceProfileSelector
LogPluginManager: Mounting plugin LinuxDeviceProfileSelector
LogPluginManager: Mounting plugin LocationServicesBPLibrary
LogPluginManager: Mounting plugin MobilePatchingUtils
LogPluginManager: Mounting plugin OculusVR
LogPluginManager: Plugin shader directory ../../../Engine/Plugins/Runtime/Oculus/OculusVR/Shaders found
LogPluginManager: Mapping shader source directory ../../../Engine/Plugins/Runtime/Oculus/OculusVR/Shaders to virtual directory /Plugin/OculusVR
LogPluginManager: Mounting plugin PhysXVehicles
LogPluginManager: Mounting plugin ProceduralMeshComponent
LogPluginManager: Mounting plugin RuntimePhysXCooking
LogPluginManager: Mounting plugin SteamVR
LogPluginManager: Mounting plugin WindowsMoviePlayer
LogStreaming: Display: Took  0.068s to configure plugins.
LogInit: Using libcurl 7.55.1-DEV
LogInit:  - built for x86_64-pc-win32
LogInit:  - supports SSL with OpenSSL/1.0.2h
LogInit:  - supports HTTP deflate (compression) using libz 1.2.8
LogInit:  - other features:
LogInit:      CURL_VERSION_SSL
LogInit:      CURL_VERSION_LIBZ
LogInit:      CURL_VERSION_IPV6
LogInit:      CURL_VERSION_ASYNCHDNS
LogInit:      CURL_VERSION_LARGEFILE
LogInit:      CURL_VERSION_IDN
LogInit:  CurlRequestOptions (configurable via config and command line):
LogInit:  - bVerifyPeer = false  - Libcurl will NOT verify peer certificate
LogInit:  - bUseHttpProxy = false  - Libcurl will NOT use HTTP proxy
LogInit:  - bDontReuseConnections = false  - Libcurl will reuse connections
LogInit:  - CertBundlePath = nullptr  - Libcurl will use whatever was configured at build time.
LogInit:  - MaxHostConnections = 16  - Libcurl will limit the number of connections to a host
LogInit:  - LocalHostAddr = Default
LogInit:  - BufferSize = 65536
LogInit: WinSock: version 1.1 (2.2), MaxSocks=32767, MaxUdp=65467
LogInit: Build: ++UE4+Release-4.20-CL-4302132
LogInit: Engine Version: 4.20.2-4302132+++UE4+Release-4.20
LogInit: Compatible Engine Version: 4.20.0-4212847+++UE4+Release-4.20
LogInit: Net CL: 4212847
LogInit: OS: Windows 10 (), CPU: Intel(R) Xeon(R) CPU E3-1225 v5 @ 3.30GHz, GPU: NVIDIA GeForce GTX 1060 6GB
LogInit: Compiled (64-bit): Aug 21 2018 02:06:06
LogInit: Compiled with Visual C++: 19.13.26129.00
LogInit: Build Configuration: Development
LogInit: Branch Name: ++UE4+Release-4.20
LogInit: Command Line: 
LogInit: Base Directory: C:/Program Files/Epic Games/UE_4.20/Engine/Binaries/Win64/
LogInit: Installed Engine Build: 1
LogDevObjectVersion: Number of dev versions registered: 20
LogDevObjectVersion:   Dev-Blueprints (B0D832E4-1F89-4F0D-ACCF-7EB736FD4AA2): 10
LogDevObjectVersion:   Dev-Build (E1C64328-A22C-4D53-A36C-8E866417BD8C): 0
LogDevObjectVersion:   Dev-Core (375EC13C-06E4-48FB-B500-84F0262A717E): 2
LogDevObjectVersion:   Dev-Editor (E4B068ED-F494-42E9-A231-DA0B2E46BB41): 24
LogDevObjectVersion:   Dev-Framework (CFFC743F-43B0-4480-9391-14DF171D2073): 34
LogDevObjectVersion:   Dev-Mobile (B02B49B5-BB20-44E9-A304-32B752E40360): 2
LogDevObjectVersion:   Dev-Networking (A4E4105C-59A1-49B5-A7C5-40C4547EDFEE): 0
LogDevObjectVersion:   Dev-Online (39C831C9-5AE6-47DC-9A44-9C173E1C8E7C): 0
LogDevObjectVersion:   Dev-Physics (78F01B33-EBEA-4F98-B9B4-84EACCB95AA2): 0
LogDevObjectVersion:   Dev-Platform (6631380F-2D4D-43E0-8009-CF276956A95A): 0
LogDevObjectVersion:   Dev-Rendering (12F88B9F-8875-4AFC-A67C-D90C383ABD29): 26
LogDevObjectVersion:   Dev-Sequencer (7B5AE74C-D270-4C10-A958-57980B212A5A): 9
LogDevObjectVersion:   Dev-VR (D7296918-1DD6-4BDD-9DE2-64A83CC13884): 2
LogDevObjectVersion:   Dev-LoadTimes (C2A15278-BFE7-4AFE-6C17-90FF531DF755): 1
LogDevObjectVersion:   Private-Geometry (6EACA3D4-40EC-4CC1-B786-8BED09428FC5): 3
LogDevObjectVersion:   Dev-AnimPhys (29E575DD-E0A3-4627-9D10-D276232CDCEA): 17
LogDevObjectVersion:   Dev-ReflectionCapture (6B266CEC-1EC7-4B8F-A30B-E4D90942FC07): 1
LogDevObjectVersion:   Dev-Automation (0DF73D61-A23F-47EA-B727-89E90C41499A): 1
LogDevObjectVersion:   FortniteMain (601D1886-AC64-4F84-AA16-D3DE0DEAC7D6): 12
LogDevObjectVersion:   Dev-Enterprise (9DFFBCD6-494F-0158-E221-12823C92A888): 1
LogStreaming: Display: Took  0.000s to delete old logs.
LogInit: Presizing for max 8388607 objects, including 0 objects not considered by GC, pre-allocating 0 bytes for permanent pool.
LogInit: Object subsystem initialized
[2019.01.10-09.57.25:080][  0]LogInit: Selected Device Profile: [Windows]
[2019.01.10-09.57.25:080][  0]LogInit: Applying CVar settings loaded from the selected device profile: [Windows]
[2019.01.10-09.57.25:093][  0]LogHAL: Display: Platform has ~ 8 GB [8476954624 / 8589934592 / 8], which maps to Default [LargestMinGB=32, LargerMinGB=12, DefaultMinGB=8, SmallerMinGB=6, SmallestMinGB=0)
[2019.01.10-09.57.25:093][  0]LogInit: Setting Device Profile CVar: [[r.Vulkan.UseRealUBs:1]]
[2019.01.10-09.57.25:093][  0]LogInit: Going up to parent DeviceProfile []
[2019.01.10-09.57.25:093][  0]LogInit: Computer: KALLISTO4
[2019.01.10-09.57.25:093][  0]LogInit: User: s0562212
[2019.01.10-09.57.25:093][  0]LogInit: CPU Page size=4096, Cores=4
[2019.01.10-09.57.25:093][  0]LogInit: High frequency timer resolution =3.234370 MHz
[2019.01.10-09.57.25:094][  0]LogMemory: Memory total: Physical=7.9GB (8GB approx)
[2019.01.10-09.57.25:094][  0]LogMemory: Platform Memory Stats for Windows
[2019.01.10-09.57.25:094][  0]LogMemory: Process Physical Memory: 99.22 MB used, 99.22 MB peak
[2019.01.10-09.57.25:094][  0]LogMemory: Process Virtual Memory: 82.67 MB used, 82.67 MB peak
[2019.01.10-09.57.25:094][  0]LogMemory: Physical Memory: 3434.81 MB used,  4649.44 MB free, 8084.25 MB total
[2019.01.10-09.57.25:094][  0]LogMemory: Virtual Memory: 4618.97 MB used,  4649.44 MB free, 134217728.00 MB total
[2019.01.10-09.57.25:108][  0]LogInit: Using OS detected language (de-DE).
[2019.01.10-09.57.25:108][  0]LogInit: Using OS detected locale (de-DE).
[2019.01.10-09.57.25:108][  0]LogTextLocalizationManager: No specific localization for 'de-DE' exists, so the 'de' localization will be used.
[2019.01.10-09.57.25:110][  0]LogStreaming: Display: Took  0.002s to InitEngineTextLocalization.
[2019.01.10-09.57.25:110][  0]LogInit: Setting process to per monitor DPI aware
[2019.01.10-09.57.25:133][  0]LogSlate: New Slate User Created.  User Index 0, Is Virtual User: 0
[2019.01.10-09.57.25:133][  0]LogSlate: Slate User Registered.  User Index 0, Is Virtual User: 0
[2019.01.10-09.57.25:286][  0]LogHMD: Failed to initialize OpenVR with code 110
[2019.01.10-09.57.25:286][  0]LogD3D11RHI: D3D11 adapters:
[2019.01.10-09.57.25:333][  0]LogD3D11RHI:    0. 'NVIDIA GeForce GTX 1060 6GB' (Feature Level 11_0)
[2019.01.10-09.57.25:333][  0]LogD3D11RHI:       6052/0/4042 MB DedicatedVideo/DedicatedSystem/SharedSystem, Outputs:1, VendorId:0x10de
[2019.01.10-09.57.25:341][  0]LogD3D11RHI:    1. 'Intel(R) HD Graphics P530' (Feature Level 11_0)
[2019.01.10-09.57.25:341][  0]LogD3D11RHI:       128/0/4042 MB DedicatedVideo/DedicatedSystem/SharedSystem, Outputs:0, VendorId:0x8086
[2019.01.10-09.57.25:342][  0]LogD3D11RHI:    2. 'Microsoft Basic Render Driver' (Feature Level 11_0)
[2019.01.10-09.57.25:342][  0]LogD3D11RHI:       0/0/4042 MB DedicatedVideo/DedicatedSystem/SharedSystem, Outputs:0, VendorId:0x1414
[2019.01.10-09.57.25:342][  0]LogD3D11RHI: Chosen D3D11 Adapter: 0
[2019.01.10-09.57.25:346][  0]LogD3D11RHI: Creating new Direct3DDevice
[2019.01.10-09.57.25:346][  0]LogD3D11RHI:     GPU DeviceId: 0x1c03 (for the marketing name, search the web for "GPU Device Id")
[2019.01.10-09.57.25:346][  0]LogWindows: EnumDisplayDevices:
[2019.01.10-09.57.25:346][  0]LogWindows:    0. 'NVIDIA GeForce GTX 1060 6GB' (P:1 D:1)
[2019.01.10-09.57.25:346][  0]LogWindows:    1. 'NVIDIA GeForce GTX 1060 6GB' (P:0 D:0)
[2019.01.10-09.57.25:346][  0]LogWindows:    2. 'NVIDIA GeForce GTX 1060 6GB' (P:0 D:0)
[2019.01.10-09.57.25:346][  0]LogWindows:    3. 'NVIDIA GeForce GTX 1060 6GB' (P:0 D:0)
[2019.01.10-09.57.25:346][  0]LogWindows:    4. 'Intel(R) HD Graphics P530' (P:0 D:0)
[2019.01.10-09.57.25:347][  0]LogWindows:    5. 'Intel(R) HD Graphics P530' (P:0 D:0)
[2019.01.10-09.57.25:347][  0]LogWindows:    6. 'Intel(R) HD Graphics P530' (P:0 D:0)
[2019.01.10-09.57.25:347][  0]LogWindows: DebugString: PrimaryIsNotTheChoosenAdapter PrimaryIsNotTheChoosenAdapter PrimaryIsNotTheChoosenAdapter FoundDriverCount:4 
[2019.01.10-09.57.25:347][  0]LogD3D11RHI:     Adapter Name: NVIDIA GeForce GTX 1060 6GB
[2019.01.10-09.57.25:347][  0]LogD3D11RHI:   Driver Version: 399.07 (internal:24.21.13.9907, unified:399.07)
[2019.01.10-09.57.25:347][  0]LogD3D11RHI:      Driver Date: 8-21-2018
[2019.01.10-09.57.25:347][  0]LogRHI: Texture pool is 4236 MB (70% of 6052 MB)
[2019.01.10-09.57.25:377][  0]LogD3D11RHI: Async texture creation enabled
[2019.01.10-09.57.25:394][  0]LogD3D11RHI: GPU Timing Frequency: 1000.000000 (Debug: 2 2)
[2019.01.10-09.57.25:398][  0]LogShaderCompilers: Guid format shader working directory is -19 characters bigger than the processId version (../../../../../../Users/s0562212/Documents/Unreal Projects/MyProject/Intermediate/Shaders/WorkingDirectory/3360/).
[2019.01.10-09.57.25:398][  0]LogShaderCompilers: Cleaned the shader compiler working directory 'C:/Users/s0562212/AppData/Local/Temp/UnrealShaderWorkingDir/F98BA43C43BDFE26B5DE90841A077F3F/'.
[2019.01.10-09.57.25:583][  0]LogTemp: Display: Loaded TP AllDesktopTargetPlatform
[2019.01.10-09.57.25:596][  0]LogTemp: Display: Loaded TP MacClientTargetPlatform
[2019.01.10-09.57.25:608][  0]LogTemp: Display: Loaded TP MacNoEditorTargetPlatform
[2019.01.10-09.57.25:620][  0]LogTemp: Display: Loaded TP MacServerTargetPlatform
[2019.01.10-09.57.25:632][  0]LogTemp: Display: Loaded TP MacTargetPlatform
[2019.01.10-09.57.25:644][  0]LogTemp: Display: Loaded TP WindowsClientTargetPlatform
[2019.01.10-09.57.25:656][  0]LogTemp: Display: Loaded TP WindowsNoEditorTargetPlatform
[2019.01.10-09.57.25:668][  0]LogTemp: Display: Loaded TP WindowsServerTargetPlatform
[2019.01.10-09.57.25:674][  0]LogTemp: Display: Loaded TP WindowsTargetPlatform
[2019.01.10-09.57.25:748][  0]LogTemp: Display: Loaded TP AndroidTargetPlatform
[2019.01.10-09.57.25:748][  0]LogTemp: Display: Loaded TP AndroidTargetPlatform
[2019.01.10-09.57.25:748][  0]LogTemp: Display: Loaded TP AndroidTargetPlatform
[2019.01.10-09.57.25:748][  0]LogTemp: Display: Loaded TP AndroidTargetPlatform
[2019.01.10-09.57.25:748][  0]LogTemp: Display: Loaded TP AndroidTargetPlatform
[2019.01.10-09.57.25:748][  0]LogTemp: Display: Loaded TP AndroidTargetPlatform
[2019.01.10-09.57.25:748][  0]LogTemp: Display: Loaded TP AndroidTargetPlatform
[2019.01.10-09.57.25:748][  0]LogTemp: Display: Loaded TP AndroidTargetPlatform
[2019.01.10-09.57.25:748][  0]LogTemp: Display: Loaded TP AndroidTargetPlatform
[2019.01.10-09.57.25:748][  0]LogTemp: Display: Loaded TP AndroidTargetPlatform
[2019.01.10-09.57.25:748][  0]LogTemp: Display: Loaded TP AndroidTargetPlatform
[2019.01.10-09.57.25:748][  0]LogTemp: Display: Loaded TP AndroidTargetPlatform
[2019.01.10-09.57.25:748][  0]LogTemp: Display: Loaded TP AndroidTargetPlatform
[2019.01.10-09.57.25:748][  0]LogTemp: Display: Loaded TP AndroidTargetPlatform
[2019.01.10-09.57.25:748][  0]LogTemp: Display: Loaded TP AndroidTargetPlatform
[2019.01.10-09.57.25:748][  0]LogTemp: Display: Loaded TP AndroidTargetPlatform
[2019.01.10-09.57.25:748][  0]LogTemp: Display: Loaded TP AndroidTargetPlatform
[2019.01.10-09.57.25:748][  0]LogTemp: Display: Loaded TP AndroidTargetPlatform
[2019.01.10-09.57.25:749][  0]LogTemp: Display: Loaded TP HTML5TargetPlatform
[2019.01.10-09.57.25:806][  0]LogTemp: Display: Loaded TP IOSTargetPlatform
[2019.01.10-09.57.25:806][  0]LogTemp: Display: Loaded TP IOSTargetPlatform
[2019.01.10-09.57.25:828][  0]LogTemp: Display: Loaded TP TVOSTargetPlatform
[2019.01.10-09.57.25:828][  0]LogTemp: Display: Loaded TP TVOSTargetPlatform
[2019.01.10-09.57.25:839][  0]LogTemp: Display: Loaded TP LinuxClientTargetPlatform
[2019.01.10-09.57.25:849][  0]LogTemp: Display: Loaded TP LinuxNoEditorTargetPlatform
[2019.01.10-09.57.25:859][  0]LogTemp: Display: Loaded TP LinuxServerTargetPlatform
[2019.01.10-09.57.25:871][  0]LogTemp: Display: Loaded TP LinuxTargetPlatform
[2019.01.10-09.57.25:880][  0]LogTemp: Display: Loaded TP LuminTargetPlatform
[2019.01.10-09.57.25:880][  0]LogTargetPlatformManager: Display: Building Assets For Windows
[2019.01.10-09.57.25:928][  0]LogXGEController: Cannot use XGE Controller as Incredibuild is not installed on this machine.
[2019.01.10-09.57.25:928][  0]LogShaderCompilers: Cannot use XGE Shader Compiler as Incredibuild is not installed on this machine.
[2019.01.10-09.57.25:928][  0]LogShaderCompilers: Display: Using Local Shader Compiler.
[2019.01.10-09.57.26:553][  0]LogDerivedDataCache: Display: Max Cache Size: 512 MB
[2019.01.10-09.57.26:609][  0]LogDerivedDataCache: Loaded boot cache 0.06s 71MB C:/Users/s0562212/AppData/Local/UnrealEngine/4.20/DerivedDataCache/Boot.ddc.
[2019.01.10-09.57.26:610][  0]LogDerivedDataCache: Display: Loaded Boot cache: C:/Users/s0562212/AppData/Local/UnrealEngine/4.20/DerivedDataCache/Boot.ddc
[2019.01.10-09.57.26:610][  0]LogDerivedDataCache: FDerivedDataBackendGraph:  Pak pak cache file ../../../../../../Users/s0562212/Documents/Unreal Projects/MyProject/DerivedDataCache/DDC.ddp not found, will not use a pak cache.
[2019.01.10-09.57.26:610][  0]LogDerivedDataCache: Unable to find inner node Pak for hierarchical cache Hierarchy.
[2019.01.10-09.57.26:610][  0]LogDerivedDataCache: FDerivedDataBackendGraph:  CompressedPak pak cache file ../../../../../../Users/s0562212/Documents/Unreal Projects/MyProject/DerivedDataCache/Compressed.ddp not found, will not use a pak cache.
[2019.01.10-09.57.26:610][  0]LogDerivedDataCache: Unable to find inner node CompressedPak for hierarchical cache Hierarchy.
[2019.01.10-09.57.26:624][  0]LogDerivedDataCache: Display: Pak cache opened for reading ../../../Engine/DerivedDataCache/Compressed.ddp.
[2019.01.10-09.57.26:637][  0]LogDerivedDataCache: Using Local data cache path C:/Users/s0562212/AppData/Local/UnrealEngine/Common/DerivedDataCache: Writable
[2019.01.10-09.57.26:637][  0]LogDerivedDataCache: Shared data cache path not found in *engine.ini, will not use an Shared cache.
[2019.01.10-09.57.26:637][  0]LogDerivedDataCache: Unable to find inner node Shared for hierarchical cache Hierarchy.
[2019.01.10-09.57.26:669][  0]LogMaterial: Verifying Global Shaders for PCD3D_SM5
[2019.01.10-09.57.26:670][  0]LogSlate: Using FreeType 2.6.0
[2019.01.10-09.57.26:670][  0]LogSlate: SlateFontServices - WITH_FREETYPE: 1, WITH_HARFBUZZ: 1
[2019.01.10-09.57.26:737][  0]LogAssetRegistry: FAssetRegistry took 0.0259 seconds to start up
[2019.01.10-09.57.27:014][  0]LogInit: Selected Device Profile: [Windows]
[2019.01.10-09.57.27:131][  0]LogSimplygon: Simplygon DLL not present - disabling.
[2019.01.10-09.57.27:133][  0]LogMeshReduction: Using SimplygonSwarm for distributed automatic mesh merging
[2019.01.10-09.57.27:133][  0]LogMeshReduction: Using ProxyLODMeshReduction for automatic mesh merging
[2019.01.10-09.57.27:133][  0]LogMeshReduction: Using QuadricMeshReduction for automatic static mesh reduction
[2019.01.10-09.57.27:133][  0]LogMeshReduction: No automatic skeletal mesh reduction module available
[2019.01.10-09.57.27:147][  0]LogNetVersion: MyProject 1.0.0, NetCL: 4212847, EngineNetVer: 5, GameNetVer: 0 (Checksum: 1110078900)
[2019.01.10-09.57.27:586][  0]LogPackageLocalizationCache: Processed 11 localized package path(s) for 2 prioritized culture(s) in 0.076631 seconds
[2019.01.10-09.57.27:592][  0]LogUObjectArray: 38425 objects as part of root set at end of initial load.
[2019.01.10-09.57.27:592][  0]LogUObjectAllocator: 6690872 out of 0 bytes used by permanent object pool.
[2019.01.10-09.57.27:592][  0]LogUObjectArray: CloseDisregardForGC: 0/0 objects in disregard for GC pool
[2019.01.10-09.57.28:121][  0]LogWmfMedia: Failed to load mf.dll
[2019.01.10-09.57.28:121][  0]LogWmfMedia: Failed to load required Windows Media Foundation libraries
[2019.01.10-09.57.28:122][  0]LogWindowsMoviePlayer: Could not load mf.dll. Library not found.
[2019.01.10-09.57.28:123][  0]LogWindowsMoviePlayer: Could not load mfplat.dll. Library not found.
[2019.01.10-09.57.28:124][  0]LogWindowsMoviePlayer: Could not load mfplay.dll. Library not found.
[2019.01.10-09.57.28:319][  0]LogTcpMessaging: Initializing TcpMessaging bridge
[2019.01.10-09.57.28:332][  0]LogUdpMessaging: Initializing bridge on interface 0.0.0.0:0 to multicast group 230.0.0.1:6666.
[2019.01.10-09.57.28:476][  0]SourceControl: Source control is disabled
[2019.01.10-09.57.28:476][  0]SourceControl: Source control is disabled
[2019.01.10-09.57.28:477][  0]SourceControl: Source control is disabled
[2019.01.10-09.57.28:477][  0]SourceControl: Source control is disabled
[2019.01.10-09.57.28:644][  0]LogAndroidPermission: UAndroidPermissionCallbackProxy::GetInstance
[2019.01.10-09.57.28:683][  0]LogOcInput: OculusInput pre-init called
[2019.01.10-09.57.28:738][  0]LogEngine: Initializing Engine...
[2019.01.10-09.57.28:738][  0]LogHMD: Failed to initialize OpenVR with code 110
[2019.01.10-09.57.28:739][  0]LogStats: UGameplayTagsManager::ConstructGameplayTagTree: ImportINI prefixes -  0.000 s
[2019.01.10-09.57.28:739][  0]LogStats: UGameplayTagsManager::ConstructGameplayTagTree: Construct from data asset -  0.000 s
[2019.01.10-09.57.28:739][  0]LogStats: UGameplayTagsManager::ConstructGameplayTagTree: ImportINI -  0.000 s
[2019.01.10-09.57.28:739][  0]LogStats: UGameplayTagsManager::ConstructGameplayTagTree: GameplayTagTreeChangedEvent.Broadcast -  0.000 s
[2019.01.10-09.57.28:939][  0]LogInit: Initializing FReadOnlyCVARCache
[2019.01.10-09.57.28:953][  0]LogAIModule: Creating AISystem for world Untitled
[2019.01.10-09.57.28:964][  0]LogInit: XAudio2 using 'Lautsprecher / Kopfhörer (Realtek Audio)' : 2 channels at 48 kHz using 32 bits per sample (channel mask 0x3)
[2019.01.10-09.57.29:113][  0]LogInit: FAudioDevice initialized.
[2019.01.10-09.57.29:114][  0]LogNetVersion: Set ProjectVersion to 1.0.0.0. Version Checksum will be recalculated on next use.
[2019.01.10-09.57.29:192][  0]LogDerivedDataCache: Saved boot cache 0.08s 71MB C:/Users/s0562212/AppData/Local/UnrealEngine/4.20/DerivedDataCache/Boot.ddc.
[2019.01.10-09.57.29:201][  0]LogInit: Texture streaming: Enabled
[2019.01.10-09.57.29:212][  0]LogEngineSessionManager: EngineSessionManager initialized
[2019.01.10-09.57.29:224][  0]LogInit: Transaction tracking system initialized
[2019.01.10-09.57.29:241][  0]BlueprintLog: New page: Editor Load
[2019.01.10-09.57.29:294][  0]LocalizationService: Localization service is disabled
[2019.01.10-09.57.29:520][  0]LogCook: Display: Max memory allowance for cook 16384mb min free memory 0mb
[2019.01.10-09.57.29:520][  0]LogCook: Display: Mobile HDR setting 1
[2019.01.10-09.57.29:520][  0]LogGameplayTags: Display: UGameplayTagsManager::DoneAddingNativeTags. DelegateIsBound: 0
[2019.01.10-09.57.29:520][  0]LogStats: UGameplayTagsManager::ConstructGameplayTagTree: ImportINI prefixes -  0.000 s
[2019.01.10-09.57.29:520][  0]LogStats: UGameplayTagsManager::ConstructGameplayTagTree: Construct from data asset -  0.000 s
[2019.01.10-09.57.29:520][  0]LogStats: UGameplayTagsManager::ConstructGameplayTagTree: ImportINI -  0.000 s
[2019.01.10-09.57.29:520][  0]LogStats: UGameplayTagsManager::ConstructGameplayTagTree: GameplayTagTreeChangedEvent.Broadcast -  0.000 s
[2019.01.10-09.57.29:611][  0]LogFileCache: Scanning file cache for directory 'C:/Users/s0562212/Documents/Unreal Projects/MyProject/Content/' took 0.01s
[2019.01.10-09.57.29:611][  0]SourceControl: Source control is disabled
[2019.01.10-09.57.29:611][  0]Cmd: MAP LOAD FILE="../../../../../../Users/s0562212/Documents/Unreal Projects/MyProject/Content/ThirdPersonBP/Maps/ThirdPersonExampleMap.umap" TEMPLATE=0 SHOWPROGRESS=1 FEATURELEVEL=3
[2019.01.10-09.57.29:611][  0]LightingResults: New page: Lighting Build
[2019.01.10-09.57.29:613][  0]MapCheck: New page: Map Check
[2019.01.10-09.57.29:614][  0]LightingResults: New page: Lighting Build
[2019.01.10-09.57.29:988][  0]LogAIModule: Creating AISystem for world ThirdPersonExampleMap
[2019.01.10-09.57.30:002][  0]LogEditorServer: Finished looking for orphan Actors (0.000 secs)
[2019.01.10-09.57.30:026][  0]Cmd: MAP CHECKDEP NOCLEARLOG
[2019.01.10-09.57.30:077][  0]MapCheck: Map check complete: 0 Error(s), 0 Warning(s), took 50,487ms to complete.
[2019.01.10-09.57.30:077][  0]LogFileHelpers: Loading map 'ThirdPersonExampleMap' took 0.466
[2019.01.10-09.57.30:177][  0]LogSlate: Updating window title bar state: overlay mode, drag disabled, window buttons hidden, title bar hidden
[2019.01.10-09.57.30:185][  0]LogSlate: Updating window title bar state: overlay mode, drag disabled, window buttons hidden, title bar hidden
[2019.01.10-09.57.30:191][  0]LogSlate: Updating window title bar state: overlay mode, drag disabled, window buttons hidden, title bar hidden
[2019.01.10-09.57.30:198][  0]LogSlate: Updating window title bar state: overlay mode, drag disabled, window buttons hidden, title bar hidden
[2019.01.10-09.57.30:203][  0]LogCollectionManager: Loaded 0 collections in 0.001299 seconds
[2019.01.10-09.57.30:244][  0]LogFileCache: Scanning file cache for directory 'C:/Users/s0562212/Documents/Unreal Projects/MyProject/Saved/Collections/' took 0.01s
[2019.01.10-09.57.30:244][  0]LogFileCache: Scanning file cache for directory 'C:/Users/s0562212/Documents/Unreal Projects/MyProject/Content/Developers/s0562212/Collections/' took 0.01s
[2019.01.10-09.57.30:244][  0]LogFileCache: Scanning file cache for directory 'C:/Users/s0562212/Documents/Unreal Projects/MyProject/Content/Collections/' took 0.01s
[2019.01.10-09.57.30:244][  0]LogCollectionManager: Rebuilt the GUID cache for 0 collections in 0.000000 seconds
[2019.01.10-09.57.30:252][  0]LogContentBrowser: Native class hierarchy populated in 0.0084 seconds. Added 2572 classes and 603 folders.
[2019.01.10-09.57.30:257][  0]LogContentBrowser: Native class hierarchy updated for 'WidgetCarousel' in 0.0002 seconds. Added 0 classes and 0 folders.
[2019.01.10-09.57.30:287][  0]LogContentBrowser: Native class hierarchy updated for 'AddContentDialog' in 0.0002 seconds. Added 0 classes and 0 folders.
[2019.01.10-09.57.30:290][  0]LogContentBrowser: Native class hierarchy updated for 'SceneOutliner' in 0.0002 seconds. Added 1 classes and 2 folders.
[2019.01.10-09.57.30:355][  0]LogSlate: Took 0.000205 seconds to synchronously load lazily loaded font '../../../Engine/Content/Slate/Fonts/Roboto-Regular.ttf' (155K)
[2019.01.10-09.57.30:357][  0]LogSlate: Took 0.000280 seconds to synchronously load lazily loaded font '../../../Engine/Content/Slate/Fonts/Roboto-Bold.ttf' (160K)
[2019.01.10-09.57.30:362][  0]LogSlate: Took 0.000185 seconds to synchronously load lazily loaded font '../../../Engine/Content/Editor/Slate/Fonts/FontAwesome.ttf' (139K)
[2019.01.10-09.57.30:434][  0]LogRenderer: Reallocating scene render targets to support 988x576 Format 10 NumSamples 1 (Frame:1).
[2019.01.10-09.57.30:562][  0]LogContentBrowser: Native class hierarchy updated for 'HierarchicalLODOutliner' in 0.0006 seconds. Added 0 classes and 0 folders.
[2019.01.10-09.57.30:562][  0]LogLoad: (Engine Initialization) Total time: 6.60 seconds
[2019.01.10-09.57.30:562][  0]LogLoad: (Engine Initialization) Total Blueprint compile time: 0.00 seconds
[2019.01.10-09.57.30:573][  0]LogWindowsTextInputMethodSystem: Display: IME system now deactivated.
[2019.01.10-09.57.30:597][  0]LogContentStreaming: Texture pool size now 1000 MB
[2019.01.10-09.57.30:708][  0]LogSlate: Took 0.000216 seconds to synchronously load lazily loaded font '../../../Engine/Content/Slate/Fonts/Roboto-Light.ttf' (167K)
[2019.01.10-09.57.30:722][  1]LogAssetRegistry: Asset discovery search completed in 4.0068 seconds
[2019.01.10-09.57.30:724][  1]LogCollectionManager: Rebuilt the object cache for 0 collections in 0.000000 seconds (found 0 objects)
[2019.01.10-09.57.30:724][  1]LogCollectionManager: Fixed up redirectors for 0 collections in 0.000040 seconds (updated 0 objects)
[2019.01.10-09.57.33:712][355]LogSlate: FSceneViewport::OnFocusLost() reason 0
[2019.01.10-09.57.33:778][363]LogTemp: Repeating last play command: Selected Viewport
[2019.01.10-09.57.33:793][363]LogBlueprintUserMessages: Early PlayInEditor Detection: Level '/Game/ThirdPersonBP/Maps/ThirdPersonExampleMap.ThirdPersonExampleMap:PersistentLevel' has LevelScriptBlueprint '/Game/ThirdPersonBP/Maps/ThirdPersonExampleMap.ThirdPersonExampleMap:PersistentLevel.ThirdPersonExampleMap' with GeneratedClass '/Game/ThirdPersonBP/Maps/ThirdPersonExampleMap.ThirdPersonExampleMap_C' with ClassGeneratedBy '/Game/ThirdPersonBP/Maps/ThirdPersonExampleMap.ThirdPersonExampleMap:PersistentLevel.ThirdPersonExampleMap'
[2019.01.10-09.57.33:793][363]LogPlayLevel: PlayLevel: No blueprints needed recompiling
[2019.01.10-09.57.33:805][363]PIE: New page: PIE session: ThirdPersonExampleMap (10.01.2019 11:57:33)
[2019.01.10-09.57.33:805][363]LogPlayLevel: Creating play world package: /Game/ThirdPersonBP/Maps/UEDPIE_0_ThirdPersonExampleMap
[2019.01.10-09.57.33:823][363]LogPlayLevel: PIE: StaticDuplicateObject took: (0.017701s)
[2019.01.10-09.57.33:824][363]LogAIModule: Creating AISystem for world ThirdPersonExampleMap
[2019.01.10-09.57.33:824][363]LogPlayLevel: PIE: World Init took: (0.001268s)
[2019.01.10-09.57.33:824][363]LogPlayLevel: PIE: Created PIE world by copying editor world from /Game/ThirdPersonBP/Maps/ThirdPersonExampleMap.ThirdPersonExampleMap to /Game/ThirdPersonBP/Maps/UEDPIE_0_ThirdPersonExampleMap.ThirdPersonExampleMap (0.019247s)
[2019.01.10-09.57.33:846][363]LogInit: XAudio2 using 'Lautsprecher / Kopfhörer (Realtek Audio)' : 2 channels at 48 kHz using 32 bits per sample (channel mask 0x3)
[2019.01.10-09.57.33:858][363]LogInit: FAudioDevice initialized.
[2019.01.10-09.57.33:906][363]LogLoad: Game class is 'ThirdPersonGameMode_C'
[2019.01.10-09.57.33:909][363]LogWorld: Bringing World /Game/ThirdPersonBP/Maps/UEDPIE_0_ThirdPersonExampleMap.ThirdPersonExampleMap up for play (max tick rate 0) at 2019.01.10-10.57.33
[2019.01.10-09.57.33:909][363]LogWorld: Bringing up level for play took: 0.001434
[2019.01.10-09.57.33:933][363]LogContentBrowser: Native class hierarchy updated for 'MovieSceneCapture' in 0.0006 seconds. Added 10 classes and 0 folders.
[2019.01.10-09.57.33:934][363]PIE: Play in editor start time for /Game/ThirdPersonBP/Maps/UEDPIE_0_ThirdPersonExampleMap -0,029
[2019.01.10-09.57.33:935][363]LogBlueprintUserMessages: Late PlayInEditor Detection: Level '/Game/ThirdPersonBP/Maps/ThirdPersonExampleMap.ThirdPersonExampleMap:PersistentLevel' has LevelScriptBlueprint '/Game/ThirdPersonBP/Maps/ThirdPersonExampleMap.ThirdPersonExampleMap:PersistentLevel.ThirdPersonExampleMap' with GeneratedClass '/Game/ThirdPersonBP/Maps/ThirdPersonExampleMap.ThirdPersonExampleMap_C' with ClassGeneratedBy '/Game/ThirdPersonBP/Maps/ThirdPersonExampleMap.ThirdPersonExampleMap:PersistentLevel.ThirdPersonExampleMap'
[2019.01.10-09.57.38:178][868]LogBlueprintUserMessages: Early EndPlayMap Detection: Level '/Game/ThirdPersonBP/Maps/ThirdPersonExampleMap.ThirdPersonExampleMap:PersistentLevel' has LevelScriptBlueprint '/Game/ThirdPersonBP/Maps/ThirdPersonExampleMap.ThirdPersonExampleMap:PersistentLevel.ThirdPersonExampleMap' with GeneratedClass '/Game/ThirdPersonBP/Maps/ThirdPersonExampleMap.ThirdPersonExampleMap_C' with ClassGeneratedBy '/Game/ThirdPersonBP/Maps/ThirdPersonExampleMap.ThirdPersonExampleMap:PersistentLevel.ThirdPersonExampleMap'
[2019.01.10-09.57.38:178][868]LogSlate: Updating window title bar state: overlay mode, drag disabled, window buttons hidden, title bar hidden
[2019.01.10-09.57.38:211][868]LogPlayLevel: Display: Shutting down PIE online subsystems
[2019.01.10-09.57.38:211][868]LogBlueprintUserMessages: Late EndPlayMap Detection: Level '/Game/ThirdPersonBP/Maps/ThirdPersonExampleMap.ThirdPersonExampleMap:PersistentLevel' has LevelScriptBlueprint '/Game/ThirdPersonBP/Maps/ThirdPersonExampleMap.ThirdPersonExampleMap:PersistentLevel.ThirdPersonExampleMap' with GeneratedClass '/Game/ThirdPersonBP/Maps/ThirdPersonExampleMap.ThirdPersonExampleMap_C' with ClassGeneratedBy '/Game/ThirdPersonBP/Maps/ThirdPersonExampleMap.ThirdPersonExampleMap:PersistentLevel.ThirdPersonExampleMap'
[2019.01.10-09.57.38:233][868]LogSlate: Updating window title bar state: overlay mode, drag disabled, window buttons hidden, title bar hidden
[2019.01.10-09.57.38:278][872]LogPlayLevel: Display: Destroying online subsystem :Context_1
[2019.01.10-09.57.50:747][534]LogSlate: FSceneViewport::OnFocusLost() reason 2
[2019.01.10-09.58.16:535][ 34]LogUProjectInfo: Found projects:
[2019.01.10-09.58.19:864][432]LogSlate: Window 'Open Project' being destroyed
